#
# A fatal error has been detected by the Java Runtime Environment:
#
#  EXCEPTION_ACCESS_VIOLATION (0xc0000005) at pc=0x00007ffc513188a6, pid=10556, tid=7696
#
# JRE version: OpenJDK Runtime Environment (11.0.15) (build 11.0.15+0-b2043.56-8887301)
# Java VM: OpenJDK 64-Bit Server VM (11.0.15+0-b2043.56-8887301, mixed mode, tiered, compressed oops, g1 gc, windows-amd64)
# Problematic frame:
# V  [jvm.dll+0x1a88a6]
#
# No core dump will be written. Minidumps are not enabled by default on client versions of Windows
#
# If you would like to submit a bug report, please visit:
#   https://bugreport.java.com/bugreport/crash.jsp
#

---------------  S U M M A R Y ------------

Command Line: --add-opens=java.base/java.util=ALL-UNNAMED --add-opens=java.base/java.lang=ALL-UNNAMED --add-opens=java.base/java.lang.invoke=ALL-UNNAMED --add-opens=java.base/java.util=ALL-UNNAMED --add-opens=java.prefs/java.util.prefs=ALL-UNNAMED --add-opens=java.prefs/java.util.prefs=ALL-UNNAMED --add-opens=java.base/java.nio.charset=ALL-UNNAMED --add-opens=java.base/java.net=ALL-UNNAMED --add-opens=java.base/java.util.concurrent.atomic=ALL-UNNAMED -Xmx2048m -Dfile.encoding=UTF-8 -Duser.country=IN -Duser.language=en -Duser.variant org.gradle.launcher.daemon.bootstrap.GradleDaemon 7.5

Host: Intel(R) Core(TM) i5-8250U CPU @ 1.60GHz, 8 cores, 15G,  Windows 10 , 64 bit Build 19041 (10.0.19041.2364)
Time: Thu Jan 26 07:41:43 2023 India Standard Time elapsed time: 20.833235 seconds (0d 0h 0m 20s)

---------------  T H R E A D  ---------------

Current thread (0x0000021499be2000):  ConcurrentGCThread "G1 Conc#1" [stack: 0x0000006ceb200000,0x0000006ceb300000] [id=7696]

Stack: [0x0000006ceb200000,0x0000006ceb300000],  sp=0x0000006ceb2ff5a8,  free space=1021k
Native frames: (J=compiled Java code, j=interpreted, Vv=VM code, C=native code)
V  [jvm.dll+0x1a88a6]


siginfo: EXCEPTION_ACCESS_VIOLATION (0xc0000005), reading address 0x0000000405708748


Register to memory mapping:

RIP=0x00007ffc513188a6 jvm.dll
RAX=0x28a28a8a82282282 is an unknown value
RBX=0x28a28a8a82282282 is an unknown value
RCX=0x0000000080e66650 is pointing into object: java.util.concurrent.ConcurrentHashMap$Node 
{0x0000000080e66648} - klass: 'java/util/concurrent/ConcurrentHashMap$Node'
RDX=0x0000000080e66650 is pointing into object: java.util.concurrent.ConcurrentHashMap$Node 
{0x0000000080e66648} - klass: 'java/util/concurrent/ConcurrentHashMap$Node'
RSP=0x0000006ceb2ff5a8 points into unknown readable memory: 0x00007ffc5147055d | 5d 05 47 51 fc 7f 00 00
RBP=0x0 is NULL
RSI=0x0000000000000401 is an unknown value
RDI=0x0000000080e66650 is pointing into object: java.util.concurrent.ConcurrentHashMap$Node 
{0x0000000080e66648} - klass: 'java/util/concurrent/ConcurrentHashMap$Node'
R8 =0x28a28a8a82282282 is an unknown value
R9 =0x0000000405708740 is an unknown value
R10=0x00000214fbd52c50 points into unknown readable memory: 0x00007ffc51a57c40 | 40 7c a5 51 fc 7f 00 00
R11=0x346dc5d63886594b is an unknown value
R12=0x0000000000000001 is an unknown value
R13=0x0 is NULL
R14=0x0000021494a89998 points into unknown readable memory: 0x28a28a8a82282682 | 82 26 28 82 8a 8a a2 28
R15=0x00000214fbd17530 points into unknown readable memory: 0x00000214fbd20000 | 00 00 d2 fb 14 02 00 00


Registers:
RAX=0x28a28a8a82282282, RBX=0x28a28a8a82282282, RCX=0x0000000080e66650, RDX=0x0000000080e66650
RSP=0x0000006ceb2ff5a8, RBP=0x0000000000000000, RSI=0x0000000000000401, RDI=0x0000000080e66650
R8 =0x28a28a8a82282282, R9 =0x0000000405708740, R10=0x00000214fbd52c50, R11=0x346dc5d63886594b
R12=0x0000000000000001, R13=0x0000000000000000, R14=0x0000021494a89998, R15=0x00000214fbd17530
RIP=0x00007ffc513188a6, EFLAGS=0x0000000000010202

Top of Stack: (sp=0x0000006ceb2ff5a8)
0x0000006ceb2ff5a8:   00007ffc5147055d 00000000862ed970
0x0000006ceb2ff5b8:   00007ffc517fe791 00000214fbd2b340
0x0000006ceb2ff5c8:   0000000100031850 000000008a949448
0x0000006ceb2ff5d8:   00000214fbd2b480 0000000080e66650
0x0000006ceb2ff5e8:   00007ffc51470342 00000214fbd2b340
0x0000006ceb2ff5f8:   00000001004aa478 00000001004aa480
0x0000006ceb2ff608:   0000006ceb2ff790 000000008a949478
0x0000006ceb2ff618:   00007ffc51467c6d 00000001004aa088
0x0000006ceb2ff628:   000000008a949468 0000000000000012
0x0000006ceb2ff638:   000000008a949444 0000021499665f01
0x0000006ceb2ff648:   00000214fbd17580 000000008a949448
0x0000006ceb2ff658:   00007ffc51467811 00000001004aa088
0x0000006ceb2ff668:   0000000000000006 0000006ceb2ff790
0x0000006ceb2ff678:   000000008a949388 00000214fbd2b340
0x0000006ceb2ff688:   00007ffc5147be0e 000000008a949448
0x0000006ceb2ff698:   0000006ceb2ff750 0000006ceb2ff750 

Instructions: (pc=0x00007ffc513188a6)
0x00007ffc513187a6:   eb 04 48 8b 43 08 81 78 08 00 00 00 c0 0f 83 81
0x00007ffc513187b6:   00 00 00 48 8b 4f 38 48 8b d3 48 8b 01 ff 50 20
0x00007ffc513187c6:   84 c0 75 70 38 05 d1 e7 93 00 74 15 8b 53 08 8b
0x00007ffc513187d6:   0d 7d 2f 8f 00 48 d3 e2 48 03 15 6b 2f 8f 00 eb
0x00007ffc513187e6:   04 48 8b 53 08 48 8b cb 48 89 5c 24 20 e8 a8 00
0x00007ffc513187f6:   00 00 80 7f 30 00 48 63 c8 48 89 4c 24 28 74 1c
0x00007ffc51318806:   0f 10 44 24 20 0f 11 86 98 03 00 00 48 8b 5c 24
0x00007ffc51318816:   40 48 8b 74 24 48 48 83 c4 30 5f c3 48 8b 07 48
0x00007ffc51318826:   8d 54 24 20 48 89 4c 24 28 48 8b cf 48 89 5c 24
0x00007ffc51318836:   20 ff 50 38 48 8b 5c 24 40 48 8b 74 24 48 48 83
0x00007ffc51318846:   c4 30 5f c3 cc cc cc cc cc cc 48 8b 49 38 48 8b
0x00007ffc51318856:   01 48 ff 60 28 cc cc cc cc cc 80 3d 3a e7 93 00
0x00007ffc51318866:   00 48 8b c1 74 1b 8b 51 08 8b 0d e3 2e 8f 00 48
0x00007ffc51318876:   d3 e2 48 8b c8 48 03 15 ce 2e 8f 00 e9 19 00 00
0x00007ffc51318886:   00 48 8b 51 08 48 8b c8 e9 0d 00 00 00 cc cc cc
0x00007ffc51318896:   cc cc cc cc cc cc cc cc cc cc 4c 8b ca 48 8b d1
0x00007ffc513188a6:   45 8b 41 08 45 85 c0 7e 0e 41 f6 c0 01 75 56 41
0x00007ffc513188b6:   c1 f8 03 41 8b c0 c3 79 4c 80 3d db e6 93 00 00
0x00007ffc513188c6:   b8 0c 00 00 00 b9 10 00 00 00 0f 45 c8 8b 05 9b
0x00007ffc513188d6:   5e 8d 00 ff c8 4c 63 c8 48 63 14 11 41 8b c8 83
0x00007ffc513188e6:   e1 3f 48 d3 e2 41 8b c8 48 c1 f9 10 0f b6 c1 49
0x00007ffc513188f6:   8d 0c 11 49 f7 d1 48 03 c1 49 c1 e9 03 48 c1 e8
0x00007ffc51318906:   03 41 23 c1 c3 49 8b 01 49 8b c9 48 ff a0 10 01
0x00007ffc51318916:   00 00 cc cc cc cc cc cc cc cc 48 8b c2 c3 cc cc
0x00007ffc51318926:   cc cc cc cc cc cc cc cc cc cc 48 83 ec 38 48 8b
0x00007ffc51318936:   c1 48 8b 49 38 80 79 08 00 74 05 90 48 8b 48 38
0x00007ffc51318946:   0f 10 02 48 8d 54 24 20 0f 29 44 24 20 e8 28 f0
0x00007ffc51318956:   ff ff 48 83 c4 38 c3 cc cc cc 48 83 ec 38 0f 10
0x00007ffc51318966:   02 48 8b 01 48 8d 54 24 20 0f 29 44 24 20 ff 50
0x00007ffc51318976:   38 48 83 c4 38 c3 cc cc cc cc 48 89 5c 24 08 55
0x00007ffc51318986:   56 57 41 54 41 55 41 56 41 57 48 8d 6c 24 e0 48
0x00007ffc51318996:   81 ec 20 01 00 00 48 8b 05 85 b6 90 00 48 33 c4 


Stack slot to memory mapping:
stack at sp + 0 slots: 0x00007ffc5147055d jvm.dll
stack at sp + 1 slots: 0x00000000862ed970 is an oop: org.gradle.internal.instantiation.generator.AbstractClassGenerator$GeneratedClassImpl 
{0x00000000862ed970} - klass: 'org/gradle/internal/instantiation/generator/AbstractClassGenerator$GeneratedClassImpl'
stack at sp + 2 slots: 0x00007ffc517fe791 jvm.dll
stack at sp + 3 slots: 0x00000214fbd2b340 points into unknown readable memory: 0x00007ffc51a4bc60 | 60 bc a4 51 fc 7f 00 00
stack at sp + 4 slots: 0x0000000100031850 is pointing into metadata
stack at sp + 5 slots: 0x000000008a949448 is an oop: org.gradle.internal.locking.DefaultDependencyLockingHandler_Decorated 
{0x000000008a949448} - klass: 'org/gradle/internal/locking/DefaultDependencyLockingHandler_Decorated'
stack at sp + 6 slots: 0x00000214fbd2b480 points into unknown readable memory: 0x00007ffc51a91ba0 | a0 1b a9 51 fc 7f 00 00
stack at sp + 7 slots: 0x0000000080e66650 is pointing into object: java.util.concurrent.ConcurrentHashMap$Node 
{0x0000000080e66648} - klass: 'java/util/concurrent/ConcurrentHashMap$Node'


---------------  P R O C E S S  ---------------

Threads class SMR info:
_java_thread_list=0x000002149f2bf570, length=135, elements={
0x00000214fbcd6000, 0x0000021498a89800, 0x0000021498a8d000, 0x0000021498aef000,
0x0000021498af0800, 0x0000021498af4800, 0x0000021498aff000, 0x0000021498b03000,
0x0000021498b06800, 0x0000021498c64000, 0x000002149a122000, 0x0000021498fa4000,
0x0000021499508800, 0x000002149a64d800, 0x000002149a6ab800, 0x000002149a94c800,
0x000002149a1e9800, 0x000002149a1ea800, 0x000002149ac18800, 0x000002149a2b2800,
0x000002149b465800, 0x000002149b468000, 0x000002149b468800, 0x000002149b466800,
0x000002149b467000, 0x000002149b469800, 0x000002149b46a800, 0x000002149b464800,
0x000002149b46b000, 0x000002149c236000, 0x000002149c237000, 0x000002149c235000,
0x000002149c23d800, 0x000002149c237800, 0x000002149c23a000, 0x000002149c23b800,
0x000002149c23c800, 0x000002149c23e000, 0x000002149c238800, 0x000002149c239800,
0x000002149c244000, 0x000002149c240000, 0x000002149c241800, 0x000002149c242800,
0x000002149c243000, 0x000002149c240800, 0x0000021499b4c800, 0x0000021499b4e800,
0x0000021499b52800, 0x0000021499b53800, 0x0000021499b4f000, 0x0000021499b51800,
0x0000021499b50000, 0x0000021499b51000, 0x0000021499b4d800, 0x0000021499b55800,
0x0000021499b58000, 0x0000021499b56800, 0x0000021499b57800, 0x0000021499b5a000,
0x0000021499b55000, 0x0000021499b59000, 0x0000021499b54000, 0x0000021499b5a800,
0x0000021499b5b800, 0x000002149ff9c800, 0x000002149ff9a000, 0x000002149ff98800,
0x000002149ff9d000, 0x000002149ff9a800, 0x000002149ff9f000, 0x000002149ff99000,
0x000002149ff9b800, 0x000002149ff9e000, 0x0000021499c89000, 0x0000021499c8a800,
0x0000021499c89800, 0x0000021499c88000, 0x0000021499c8b800, 0x0000021499c8c000,
0x0000021499c8d000, 0x0000021499c87800, 0x0000021499c8e000, 0x0000021499c90800,
0x0000021499c92000, 0x0000021499c91000, 0x0000021499c94800, 0x0000021499c92800,
0x0000021499c93800, 0x0000021499c8e800, 0x0000021499c95000, 0x0000021499c8f800,
0x0000021499c96000, 0x000002149b073800, 0x000002149b072000, 0x000002149b06e800,
0x000002149b073000, 0x000002149b06f800, 0x000002149b076000, 0x000002149b074800,
0x000002149b071000, 0x000002149b075800, 0x000002149b070800, 0x000002149b07a000,
0x000002149b077800, 0x000002149b07b000, 0x000002149b078800, 0x000002149b07c000,
0x000002149b07c800, 0x000002149b079800, 0x000002149b077000, 0x000002149b07d800,
0x000002149ac5a800, 0x000002149ac5a000, 0x000002149ac5d000, 0x000002149ac5e000,
0x000002149ac5b800, 0x000002149ac58800, 0x000002149ac5f000, 0x000002149ac5c800,
0x000002149ac59000, 0x000002149ac5f800, 0x000002149ac60800, 0x000002149c070000,
0x000002149bede800, 0x000002149ac63800, 0x000002149ac62000, 0x000002149ac64800,
0x000002149ac63000, 0x000002149ac61800, 0x000002149ac65800, 0x000002149ac67000,
0x000002149ac66000, 0x00000214a0abf800, 0x00000214a0ac2000
}

Java Threads: ( => current thread )
  0x00000214fbcd6000 JavaThread "main" [_thread_blocked, id=19736, stack(0x0000006ce8e00000,0x0000006ce8f00000)]
  0x0000021498a89800 JavaThread "Reference Handler" daemon [_thread_blocked, id=18544, stack(0x0000006ce9500000,0x0000006ce9600000)]
  0x0000021498a8d000 JavaThread "Finalizer" daemon [_thread_blocked, id=19436, stack(0x0000006ce9600000,0x0000006ce9700000)]
  0x0000021498aef000 JavaThread "Signal Dispatcher" daemon [_thread_blocked, id=19516, stack(0x0000006ce9700000,0x0000006ce9800000)]
  0x0000021498af0800 JavaThread "Attach Listener" daemon [_thread_blocked, id=1444, stack(0x0000006ce9800000,0x0000006ce9900000)]
  0x0000021498af4800 JavaThread "Service Thread" daemon [_thread_blocked, id=19676, stack(0x0000006ce9900000,0x0000006ce9a00000)]
  0x0000021498aff000 JavaThread "C2 CompilerThread0" daemon [_thread_blocked, id=17080, stack(0x0000006ce9a00000,0x0000006ce9b00000)]
  0x0000021498b03000 JavaThread "C1 CompilerThread0" daemon [_thread_blocked, id=2616, stack(0x0000006ce9b00000,0x0000006ce9c00000)]
  0x0000021498b06800 JavaThread "Sweeper thread" daemon [_thread_blocked, id=1956, stack(0x0000006ce9c00000,0x0000006ce9d00000)]
  0x0000021498c64000 JavaThread "Common-Cleaner" daemon [_thread_blocked, id=18808, stack(0x0000006ce9d00000,0x0000006ce9e00000)]
  0x000002149a122000 JavaThread "Daemon health stats" [_thread_blocked, id=18680, stack(0x0000006cea600000,0x0000006cea700000)]
  0x0000021498fa4000 JavaThread "Incoming local TCP Connector on port 58564" [_thread_in_native, id=20272, stack(0x0000006ce9f00000,0x0000006cea000000)]
  0x0000021499508800 JavaThread "Daemon periodic checks" [_thread_blocked, id=11220, stack(0x0000006cea000000,0x0000006cea100000)]
  0x000002149a64d800 JavaThread "Daemon" [_thread_blocked, id=11468, stack(0x0000006cea700000,0x0000006cea800000)]
  0x000002149a6ab800 JavaThread "Handler for socket connection from /127.0.0.1:58564 to /127.0.0.1:58565" [_thread_in_native, id=8456, stack(0x0000006cea800000,0x0000006cea900000)]
  0x000002149a94c800 JavaThread "Cancel handler" [_thread_blocked, id=18204, stack(0x0000006cea900000,0x0000006ceaa00000)]
  0x000002149a1e9800 JavaThread "Daemon worker" [_thread_blocked, id=18644, stack(0x0000006ceaa00000,0x0000006ceab00000)]
  0x000002149a1ea800 JavaThread "Asynchronous log dispatcher for DefaultDaemonConnection: socket connection from /127.0.0.1:58564 to /127.0.0.1:58565" [_thread_blocked, id=17832, stack(0x0000006ceab00000,0x0000006ceac00000)]
  0x000002149ac18800 JavaThread "Stdin handler" [_thread_blocked, id=16440, stack(0x0000006ceac00000,0x0000006cead00000)]
  0x000002149a2b2800 JavaThread "Daemon client event forwarder" [_thread_blocked, id=19096, stack(0x0000006cead00000,0x0000006ceae00000)]
  0x000002149b465800 JavaThread "Cache worker for journal cache (C:\Users\Admin\.gradle\caches\journal-1)" [_thread_blocked, id=17296, stack(0x0000006ceae00000,0x0000006ceaf00000)]
  0x000002149b468000 JavaThread "File lock request listener" [_thread_in_native, id=3752, stack(0x0000006ceaf00000,0x0000006ceb000000)]
  0x000002149b468800 JavaThread "Cache worker for file hash cache (C:\Users\Admin\.gradle\caches\7.5\fileHashes)" [_thread_blocked, id=14392, stack(0x0000006ceb300000,0x0000006ceb400000)]
  0x000002149b466800 JavaThread "File watcher server" daemon [_thread_in_native, id=18316, stack(0x0000006ceb600000,0x0000006ceb700000)]
  0x000002149b467000 JavaThread "File watcher consumer" daemon [_thread_blocked, id=20176, stack(0x0000006ceb700000,0x0000006ceb800000)]
  0x000002149b469800 JavaThread "jar transforms" [_thread_blocked, id=1744, stack(0x0000006ceb800000,0x0000006ceb900000)]
  0x000002149b46a800 JavaThread "jar transforms Thread 2" [_thread_blocked, id=17048, stack(0x0000006ceb900000,0x0000006ceba00000)]
  0x000002149b464800 JavaThread "jar transforms Thread 3" [_thread_blocked, id=4344, stack(0x0000006ceba00000,0x0000006cebb00000)]
  0x000002149b46b000 JavaThread "jar transforms Thread 4" [_thread_blocked, id=18028, stack(0x0000006cebb00000,0x0000006cebc00000)]
  0x000002149c236000 JavaThread "jar transforms Thread 5" [_thread_blocked, id=15972, stack(0x0000006cebc00000,0x0000006cebd00000)]
  0x000002149c237000 JavaThread "jar transforms Thread 6" [_thread_blocked, id=18900, stack(0x0000006cebd00000,0x0000006cebe00000)]
  0x000002149c235000 JavaThread "jar transforms Thread 7" [_thread_blocked, id=8796, stack(0x0000006cebe00000,0x0000006cebf00000)]
  0x000002149c23d800 JavaThread "jar transforms Thread 8" [_thread_blocked, id=1832, stack(0x0000006cebf00000,0x0000006cec000000)]
  0x000002149c237800 JavaThread "Cache worker for checksums cache (E:\myWikis\.gradle\7.5\checksums)" [_thread_blocked, id=7828, stack(0x0000006cec000000,0x0000006cec100000)]
  0x000002149c23a000 JavaThread "Cache worker for cache directory md-rule (C:\Users\Admin\.gradle\caches\7.5\md-rule)" [_thread_blocked, id=16140, stack(0x0000006cec100000,0x0000006cec200000)]
  0x000002149c23b800 JavaThread "Cache worker for file content cache (C:\Users\Admin\.gradle\caches\7.5\fileContent)" [_thread_blocked, id=8532, stack(0x0000006ceb500000,0x0000006ceb600000)]
  0x000002149c23c800 JavaThread "Cache worker for file hash cache (E:\myWikis\.gradle\7.5\fileHashes)" [_thread_blocked, id=5984, stack(0x0000006cec200000,0x0000006cec300000)]
  0x000002149c23e000 JavaThread "Cache worker for cache directory md-supplier (C:\Users\Admin\.gradle\caches\7.5\md-supplier)" [_thread_blocked, id=8620, stack(0x0000006cec300000,0x0000006cec400000)]
  0x000002149c238800 JavaThread "Cache worker for execution history cache (C:\Users\Admin\.gradle\caches\7.5\executionHistory)" [_thread_blocked, id=10780, stack(0x0000006cec400000,0x0000006cec500000)]
  0x000002149c239800 JavaThread "Cache worker for dependencies-accessors (E:\myWikis\.gradle\7.5\dependencies-accessors)" [_thread_blocked, id=20284, stack(0x0000006cec600000,0x0000006cec700000)]
  0x000002149c244000 JavaThread "Cache worker for Build Output Cleanup Cache (E:\myWikis\.gradle\buildOutputCleanup)" [_thread_blocked, id=16276, stack(0x0000006cec700000,0x0000006cec800000)]
  0x000002149c240000 JavaThread "Unconstrained build operations" [_thread_blocked, id=10568, stack(0x0000006cec800000,0x0000006cec900000)]
  0x000002149c241800 JavaThread "Unconstrained build operations Thread 2" [_thread_blocked, id=16604, stack(0x0000006cec900000,0x0000006ceca00000)]
  0x000002149c242800 JavaThread "Unconstrained build operations Thread 3" [_thread_blocked, id=18928, stack(0x0000006ceca00000,0x0000006cecb00000)]
  0x000002149c243000 JavaThread "Unconstrained build operations Thread 4" [_thread_blocked, id=20356, stack(0x0000006cecb00000,0x0000006cecc00000)]
  0x000002149c240800 JavaThread "Unconstrained build operations Thread 5" [_thread_blocked, id=4204, stack(0x0000006cecc00000,0x0000006cecd00000)]
  0x0000021499b4c800 JavaThread "Unconstrained build operations Thread 6" [_thread_blocked, id=2720, stack(0x0000006cecd00000,0x0000006cece00000)]
  0x0000021499b4e800 JavaThread "Unconstrained build operations Thread 7" [_thread_blocked, id=7544, stack(0x0000006cece00000,0x0000006cecf00000)]
  0x0000021499b52800 JavaThread "Unconstrained build operations Thread 8" [_thread_blocked, id=5828, stack(0x0000006cecf00000,0x0000006ced000000)]
  0x0000021499b53800 JavaThread "Unconstrained build operations Thread 9" [_thread_blocked, id=16568, stack(0x0000006ced000000,0x0000006ced100000)]
  0x0000021499b4f000 JavaThread "Unconstrained build operations Thread 10" [_thread_blocked, id=19904, stack(0x0000006ced100000,0x0000006ced200000)]
  0x0000021499b51800 JavaThread "Unconstrained build operations Thread 11" [_thread_blocked, id=19356, stack(0x0000006ced200000,0x0000006ced300000)]
  0x0000021499b50000 JavaThread "Unconstrained build operations Thread 12" [_thread_blocked, id=11708, stack(0x0000006ced300000,0x0000006ced400000)]
  0x0000021499b51000 JavaThread "Unconstrained build operations Thread 13" [_thread_blocked, id=4236, stack(0x0000006ced400000,0x0000006ced500000)]
  0x0000021499b4d800 JavaThread "Unconstrained build operations Thread 14" [_thread_blocked, id=2180, stack(0x0000006ced500000,0x0000006ced600000)]
  0x0000021499b55800 JavaThread "Unconstrained build operations Thread 15" [_thread_blocked, id=14124, stack(0x0000006ced600000,0x0000006ced700000)]
  0x0000021499b58000 JavaThread "Unconstrained build operations Thread 16" [_thread_blocked, id=3768, stack(0x0000006ced700000,0x0000006ced800000)]
  0x0000021499b56800 JavaThread "Unconstrained build operations Thread 17" [_thread_blocked, id=19204, stack(0x0000006ced800000,0x0000006ced900000)]
  0x0000021499b57800 JavaThread "Unconstrained build operations Thread 18" [_thread_blocked, id=19064, stack(0x0000006ced900000,0x0000006ceda00000)]
  0x0000021499b5a000 JavaThread "Unconstrained build operations Thread 19" [_thread_blocked, id=17768, stack(0x0000006ceda00000,0x0000006cedb00000)]
  0x0000021499b55000 JavaThread "Unconstrained build operations Thread 20" [_thread_blocked, id=16896, stack(0x0000006cedb00000,0x0000006cedc00000)]
  0x0000021499b59000 JavaThread "Unconstrained build operations Thread 21" [_thread_blocked, id=20084, stack(0x0000006cedc00000,0x0000006cedd00000)]
  0x0000021499b54000 JavaThread "Unconstrained build operations Thread 22" [_thread_blocked, id=9252, stack(0x0000006cedd00000,0x0000006cede00000)]
  0x0000021499b5a800 JavaThread "Unconstrained build operations Thread 23" [_thread_blocked, id=5564, stack(0x0000006cede00000,0x0000006cedf00000)]
  0x0000021499b5b800 JavaThread "Unconstrained build operations Thread 24" [_thread_blocked, id=4788, stack(0x0000006cedf00000,0x0000006cee000000)]
  0x000002149ff9c800 JavaThread "Unconstrained build operations Thread 25" [_thread_blocked, id=20168, stack(0x0000006cee000000,0x0000006cee100000)]
  0x000002149ff9a000 JavaThread "Unconstrained build operations Thread 26" [_thread_blocked, id=13664, stack(0x0000006cee100000,0x0000006cee200000)]
  0x000002149ff98800 JavaThread "Unconstrained build operations Thread 27" [_thread_blocked, id=18072, stack(0x0000006cee200000,0x0000006cee300000)]
  0x000002149ff9d000 JavaThread "Unconstrained build operations Thread 28" [_thread_blocked, id=4016, stack(0x0000006cee300000,0x0000006cee400000)]
  0x000002149ff9a800 JavaThread "Unconstrained build operations Thread 29" [_thread_blocked, id=19344, stack(0x0000006cee400000,0x0000006cee500000)]
  0x000002149ff9f000 JavaThread "Unconstrained build operations Thread 30" [_thread_blocked, id=20440, stack(0x0000006cee500000,0x0000006cee600000)]
  0x000002149ff99000 JavaThread "Unconstrained build operations Thread 31" [_thread_blocked, id=6972, stack(0x0000006cee600000,0x0000006cee700000)]
  0x000002149ff9b800 JavaThread "Unconstrained build operations Thread 32" [_thread_blocked, id=7056, stack(0x0000006cee700000,0x0000006cee800000)]
  0x000002149ff9e000 JavaThread "Unconstrained build operations Thread 33" [_thread_blocked, id=19796, stack(0x0000006cee800000,0x0000006cee900000)]
  0x0000021499c89000 JavaThread "Unconstrained build operations Thread 34" [_thread_blocked, id=3312, stack(0x0000006cee900000,0x0000006ceea00000)]
  0x0000021499c8a800 JavaThread "Unconstrained build operations Thread 35" [_thread_blocked, id=1728, stack(0x0000006ceea00000,0x0000006ceeb00000)]
  0x0000021499c89800 JavaThread "Unconstrained build operations Thread 36" [_thread_blocked, id=8540, stack(0x0000006ceeb00000,0x0000006ceec00000)]
  0x0000021499c88000 JavaThread "Unconstrained build operations Thread 37" [_thread_blocked, id=20472, stack(0x0000006ceec00000,0x0000006ceed00000)]
  0x0000021499c8b800 JavaThread "Unconstrained build operations Thread 38" [_thread_blocked, id=18584, stack(0x0000006ceed00000,0x0000006ceee00000)]
  0x0000021499c8c000 JavaThread "Unconstrained build operations Thread 39" [_thread_blocked, id=19024, stack(0x0000006ceee00000,0x0000006ceef00000)]
  0x0000021499c8d000 JavaThread "Unconstrained build operations Thread 40" [_thread_blocked, id=11208, stack(0x0000006ceef00000,0x0000006cef000000)]
  0x0000021499c87800 JavaThread "Unconstrained build operations Thread 41" [_thread_blocked, id=18388, stack(0x0000006cef000000,0x0000006cef100000)]
  0x0000021499c8e000 JavaThread "Unconstrained build operations Thread 42" [_thread_blocked, id=392, stack(0x0000006cef100000,0x0000006cef200000)]
  0x0000021499c90800 JavaThread "Unconstrained build operations Thread 43" [_thread_blocked, id=11204, stack(0x0000006cef200000,0x0000006cef300000)]
  0x0000021499c92000 JavaThread "Unconstrained build operations Thread 44" [_thread_blocked, id=18712, stack(0x0000006cef300000,0x0000006cef400000)]
  0x0000021499c91000 JavaThread "Unconstrained build operations Thread 45" [_thread_blocked, id=16620, stack(0x0000006cef400000,0x0000006cef500000)]
  0x0000021499c94800 JavaThread "Unconstrained build operations Thread 46" [_thread_blocked, id=19200, stack(0x0000006cef500000,0x0000006cef600000)]
  0x0000021499c92800 JavaThread "Unconstrained build operations Thread 47" [_thread_blocked, id=10144, stack(0x0000006cef600000,0x0000006cef700000)]
  0x0000021499c93800 JavaThread "Unconstrained build operations Thread 48" [_thread_blocked, id=10564, stack(0x0000006cef700000,0x0000006cef800000)]
  0x0000021499c8e800 JavaThread "Unconstrained build operations Thread 49" [_thread_blocked, id=11724, stack(0x0000006cef800000,0x0000006cef900000)]
  0x0000021499c95000 JavaThread "Unconstrained build operations Thread 50" [_thread_blocked, id=14724, stack(0x0000006cef900000,0x0000006cefa00000)]
  0x0000021499c8f800 JavaThread "Unconstrained build operations Thread 51" [_thread_blocked, id=19180, stack(0x0000006cefa00000,0x0000006cefb00000)]
  0x0000021499c96000 JavaThread "Unconstrained build operations Thread 52" [_thread_blocked, id=12720, stack(0x0000006cefb00000,0x0000006cefc00000)]
  0x000002149b073800 JavaThread "Unconstrained build operations Thread 53" [_thread_blocked, id=19720, stack(0x0000006cefc00000,0x0000006cefd00000)]
  0x000002149b072000 JavaThread "Unconstrained build operations Thread 54" [_thread_blocked, id=13460, stack(0x0000006cefd00000,0x0000006cefe00000)]
  0x000002149b06e800 JavaThread "Unconstrained build operations Thread 55" [_thread_blocked, id=20304, stack(0x0000006cefe00000,0x0000006ceff00000)]
  0x000002149b073000 JavaThread "Unconstrained build operations Thread 56" [_thread_blocked, id=19588, stack(0x0000006ceff00000,0x0000006cf0000000)]
  0x000002149b06f800 JavaThread "Unconstrained build operations Thread 57" [_thread_blocked, id=13548, stack(0x0000006cf0000000,0x0000006cf0100000)]
  0x000002149b076000 JavaThread "Unconstrained build operations Thread 58" [_thread_blocked, id=19380, stack(0x0000006cf0100000,0x0000006cf0200000)]
  0x000002149b074800 JavaThread "Unconstrained build operations Thread 59" [_thread_blocked, id=17480, stack(0x0000006cf0200000,0x0000006cf0300000)]
  0x000002149b071000 JavaThread "Unconstrained build operations Thread 60" [_thread_blocked, id=11952, stack(0x0000006cf0300000,0x0000006cf0400000)]
  0x000002149b075800 JavaThread "Unconstrained build operations Thread 61" [_thread_blocked, id=14980, stack(0x0000006cf0400000,0x0000006cf0500000)]
  0x000002149b070800 JavaThread "Unconstrained build operations Thread 62" [_thread_blocked, id=18088, stack(0x0000006cf0500000,0x0000006cf0600000)]
  0x000002149b07a000 JavaThread "Unconstrained build operations Thread 63" [_thread_blocked, id=10272, stack(0x0000006cf0600000,0x0000006cf0700000)]
  0x000002149b077800 JavaThread "Unconstrained build operations Thread 64" [_thread_blocked, id=16920, stack(0x0000006cf0700000,0x0000006cf0800000)]
  0x000002149b07b000 JavaThread "Unconstrained build operations Thread 65" [_thread_blocked, id=7984, stack(0x0000006cf0800000,0x0000006cf0900000)]
  0x000002149b078800 JavaThread "Unconstrained build operations Thread 66" [_thread_blocked, id=17704, stack(0x0000006cf0900000,0x0000006cf0a00000)]
  0x000002149b07c000 JavaThread "Unconstrained build operations Thread 67" [_thread_blocked, id=18684, stack(0x0000006cf0a00000,0x0000006cf0b00000)]
  0x000002149b07c800 JavaThread "Unconstrained build operations Thread 68" [_thread_blocked, id=19592, stack(0x0000006cf0b00000,0x0000006cf0c00000)]
  0x000002149b079800 JavaThread "Unconstrained build operations Thread 69" [_thread_blocked, id=18364, stack(0x0000006cf0c00000,0x0000006cf0d00000)]
  0x000002149b077000 JavaThread "Unconstrained build operations Thread 70" [_thread_blocked, id=2584, stack(0x0000006cf0d00000,0x0000006cf0e00000)]
  0x000002149b07d800 JavaThread "Unconstrained build operations Thread 71" [_thread_blocked, id=18740, stack(0x0000006cf0e00000,0x0000006cf0f00000)]
  0x000002149ac5a800 JavaThread "Unconstrained build operations Thread 72" [_thread_blocked, id=11824, stack(0x0000006cf0f00000,0x0000006cf1000000)]
  0x000002149ac5a000 JavaThread "Unconstrained build operations Thread 73" [_thread_blocked, id=20448, stack(0x0000006cf1000000,0x0000006cf1100000)]
  0x000002149ac5d000 JavaThread "Unconstrained build operations Thread 74" [_thread_blocked, id=16284, stack(0x0000006cf1100000,0x0000006cf1200000)]
  0x000002149ac5e000 JavaThread "Unconstrained build operations Thread 75" [_thread_blocked, id=2652, stack(0x0000006cf1200000,0x0000006cf1300000)]
  0x000002149ac5b800 JavaThread "Unconstrained build operations Thread 76" [_thread_blocked, id=17572, stack(0x0000006cf1300000,0x0000006cf1400000)]
  0x000002149ac58800 JavaThread "Unconstrained build operations Thread 77" [_thread_blocked, id=4748, stack(0x0000006cf1400000,0x0000006cf1500000)]
  0x000002149ac5f000 JavaThread "Unconstrained build operations Thread 78" [_thread_blocked, id=1576, stack(0x0000006cf1500000,0x0000006cf1600000)]
  0x000002149ac5c800 JavaThread "Unconstrained build operations Thread 79" [_thread_blocked, id=9464, stack(0x0000006cf1600000,0x0000006cf1700000)]
  0x000002149ac59000 JavaThread "Unconstrained build operations Thread 80" [_thread_blocked, id=18036, stack(0x0000006cf1700000,0x0000006cf1800000)]
  0x000002149ac5f800 JavaThread "Memory manager" [_thread_blocked, id=14496, stack(0x0000006cf1800000,0x0000006cf1900000)]
  0x000002149ac60800 JavaThread "pool-3-thread-1" [_thread_blocked, id=680, stack(0x0000006cf1900000,0x0000006cf1a00000)]
  0x000002149c070000 JavaThread "C2 CompilerThread1" daemon [_thread_blocked, id=12548, stack(0x0000006ceb400000,0x0000006ceb500000)]
  0x000002149bede800 JavaThread "C2 CompilerThread2" daemon [_thread_blocked, id=20432, stack(0x0000006cec500000,0x0000006cec600000)]
  0x000002149ac63800 JavaThread "included builds" [_thread_blocked, id=17972, stack(0x0000006cf1a00000,0x0000006cf1b00000)]
  0x000002149ac62000 JavaThread "Execution worker" [_thread_blocked, id=13132, stack(0x0000006cf1b00000,0x0000006cf1c00000)]
  0x000002149ac64800 JavaThread "Execution worker Thread 2" [_thread_blocked, id=6772, stack(0x0000006cf1c00000,0x0000006cf1d00000)]
  0x000002149ac63000 JavaThread "Execution worker Thread 3" [_thread_blocked, id=11516, stack(0x0000006cf1d00000,0x0000006cf1e00000)]
  0x000002149ac61800 JavaThread "Execution worker Thread 4" [_thread_blocked, id=17568, stack(0x0000006cf1e00000,0x0000006cf1f00000)]
  0x000002149ac65800 JavaThread "Execution worker Thread 5" [_thread_blocked, id=5072, stack(0x0000006cf1f00000,0x0000006cf2000000)]
  0x000002149ac67000 JavaThread "Execution worker Thread 6" [_thread_blocked, id=7088, stack(0x0000006cf2000000,0x0000006cf2100000)]
  0x000002149ac66000 JavaThread "Execution worker Thread 7" [_thread_blocked, id=18824, stack(0x0000006cf2100000,0x0000006cf2200000)]
  0x00000214a0abf800 JavaThread "Cache worker for execution history cache (E:\myWikis\.gradle\7.5\executionHistory)" [_thread_blocked, id=4552, stack(0x0000006cf2200000,0x0000006cf2300000)]
  0x00000214a0ac2000 JavaThread "idea-tooling-model-converter" [_thread_blocked, id=18016, stack(0x0000006cf2300000,0x0000006cf2400000)]

Other Threads:
  0x0000021498a86800 VMThread "VM Thread" [stack: 0x0000006ce9400000,0x0000006ce9500000] [id=17440]
  0x0000021498c8a800 WatcherThread [stack: 0x0000006ce9e00000,0x0000006ce9f00000] [id=5572]
  0x00000214fbced800 GCTaskThread "GC Thread#0" [stack: 0x0000006ce8f00000,0x0000006ce9000000] [id=6108]
  0x000002149a343800 GCTaskThread "GC Thread#1" [stack: 0x0000006cea100000,0x0000006cea200000] [id=20136]
  0x000002149a0cd800 GCTaskThread "GC Thread#2" [stack: 0x0000006cea200000,0x0000006cea300000] [id=20324]
  0x000002149a43e000 GCTaskThread "GC Thread#3" [stack: 0x0000006cea300000,0x0000006cea400000] [id=7664]
  0x000002149996a000 GCTaskThread "GC Thread#4" [stack: 0x0000006cea400000,0x0000006cea500000] [id=4240]
  0x0000021499b03800 GCTaskThread "GC Thread#5" [stack: 0x0000006cea500000,0x0000006cea600000] [id=14796]
  0x000002149ac11800 GCTaskThread "GC Thread#6" [stack: 0x0000006ceb000000,0x0000006ceb100000] [id=9968]
  0x000002149b53c000 GCTaskThread "GC Thread#7" [stack: 0x0000006ceb100000,0x0000006ceb200000] [id=8912]
  0x00000214fbd20000 ConcurrentGCThread "G1 Main Marker" [stack: 0x0000006ce9000000,0x0000006ce9100000] [id=3604]
  0x00000214fbd22000 ConcurrentGCThread "G1 Conc#0" [stack: 0x0000006ce9100000,0x0000006ce9200000] [id=14828]
=>0x0000021499be2000 ConcurrentGCThread "G1 Conc#1" [stack: 0x0000006ceb200000,0x0000006ceb300000] [id=7696]
  0x00000214ff5a2800 ConcurrentGCThread "G1 Refine#0" [stack: 0x0000006ce9200000,0x0000006ce9300000] [id=13208]
  0x00000214ff5a3000 ConcurrentGCThread "G1 Young RemSet Sampling" [stack: 0x0000006ce9300000,0x0000006ce9400000] [id=13900]

Threads with active compile tasks:

VM state:not at safepoint (normal execution)

VM Mutex/Monitor currently owned by a thread: None

Heap address: 0x0000000080000000, size: 2048 MB, Compressed Oops mode: 32-bit
Narrow klass base: 0x0000000000000000, Narrow klass shift: 3
Compressed class space size: 1073741824 Address: 0x0000000100000000

Heap:
 garbage-first heap   total 260096K, used 205576K [0x0000000080000000, 0x0000000100000000)
  region size 1024K, 26 young (26624K), 2 survivors (2048K)
 Metaspace       used 96110K, capacity 98791K, committed 99036K, reserved 1134592K
  class space    used 12396K, capacity 13388K, committed 13472K, reserved 1048576K
Heap Regions: E=young(eden), S=young(survivor), O=old, HS=humongous(starts), HC=humongous(continues), CS=collection set, F=free, A=archive, TAMS=top-at-mark-start (previous, next)
|   0|0x0000000080000000, 0x0000000080100000, 0x0000000080100000|100%| O|  |TAMS 0x0000000080100000, 0x0000000080100000| Untracked 
|   1|0x0000000080100000, 0x0000000080200000, 0x0000000080200000|100%| O|  |TAMS 0x0000000080200000, 0x0000000080200000| Untracked 
|   2|0x0000000080200000, 0x0000000080300000, 0x0000000080300000|100%| O|  |TAMS 0x0000000080300000, 0x0000000080300000| Untracked 
|   3|0x0000000080300000, 0x0000000080400000, 0x0000000080400000|100%|HS|  |TAMS 0x0000000080400000, 0x0000000080400000| Complete 
|   4|0x0000000080400000, 0x0000000080500000, 0x0000000080500000|100%|HC|  |TAMS 0x0000000080500000, 0x0000000080500000| Complete 
|   5|0x0000000080500000, 0x0000000080600000, 0x0000000080600000|100%|HC|  |TAMS 0x0000000080600000, 0x0000000080600000| Complete 
|   6|0x0000000080600000, 0x0000000080700000, 0x0000000080700000|100%| O|  |TAMS 0x0000000080700000, 0x0000000080700000| Untracked 
|   7|0x0000000080700000, 0x0000000080800000, 0x0000000080800000|100%| O|  |TAMS 0x0000000080800000, 0x0000000080800000| Untracked 
|   8|0x0000000080800000, 0x0000000080900000, 0x0000000080900000|100%| O|  |TAMS 0x0000000080900000, 0x0000000080900000| Untracked 
|   9|0x0000000080900000, 0x0000000080a00000, 0x0000000080a00000|100%| O|  |TAMS 0x0000000080a00000, 0x0000000080a00000| Untracked 
|  10|0x0000000080a00000, 0x0000000080b00000, 0x0000000080b00000|100%| O|  |TAMS 0x0000000080b00000, 0x0000000080b00000| Untracked 
|  11|0x0000000080b00000, 0x0000000080c00000, 0x0000000080c00000|100%| O|  |TAMS 0x0000000080c00000, 0x0000000080c00000| Untracked 
|  12|0x0000000080c00000, 0x0000000080d00000, 0x0000000080d00000|100%| O|  |TAMS 0x0000000080d00000, 0x0000000080d00000| Untracked 
|  13|0x0000000080d00000, 0x0000000080e00000, 0x0000000080e00000|100%| O|  |TAMS 0x0000000080e00000, 0x0000000080e00000| Untracked 
|  14|0x0000000080e00000, 0x0000000080f00000, 0x0000000080f00000|100%| O|  |TAMS 0x0000000080f00000, 0x0000000080f00000| Untracked 
|  15|0x0000000080f00000, 0x0000000081000000, 0x0000000081000000|100%| O|  |TAMS 0x0000000081000000, 0x0000000081000000| Untracked 
|  16|0x0000000081000000, 0x0000000081100000, 0x0000000081100000|100%| O|  |TAMS 0x0000000081100000, 0x0000000081100000| Untracked 
|  17|0x0000000081100000, 0x0000000081200000, 0x0000000081200000|100%|HS|  |TAMS 0x0000000081200000, 0x0000000081200000| Complete 
|  18|0x0000000081200000, 0x0000000081300000, 0x0000000081300000|100%|HC|  |TAMS 0x0000000081300000, 0x0000000081300000| Complete 
|  19|0x0000000081300000, 0x0000000081400000, 0x0000000081400000|100%|HS|  |TAMS 0x0000000081400000, 0x0000000081400000| Complete 
|  20|0x0000000081400000, 0x0000000081500000, 0x0000000081500000|100%|HC|  |TAMS 0x0000000081500000, 0x0000000081500000| Complete 
|  21|0x0000000081500000, 0x0000000081600000, 0x0000000081600000|100%|HC|  |TAMS 0x0000000081600000, 0x0000000081600000| Complete 
|  22|0x0000000081600000, 0x0000000081700000, 0x0000000081700000|100%|HS|  |TAMS 0x0000000081700000, 0x0000000081700000| Complete 
|  23|0x0000000081700000, 0x0000000081800000, 0x0000000081800000|100%|HC|  |TAMS 0x0000000081800000, 0x0000000081800000| Complete 
|  24|0x0000000081800000, 0x0000000081900000, 0x0000000081900000|100%|HC|  |TAMS 0x0000000081900000, 0x0000000081900000| Complete 
|  25|0x0000000081900000, 0x0000000081a00000, 0x0000000081a00000|100%|HS|  |TAMS 0x0000000081a00000, 0x0000000081a00000| Complete 
|  26|0x0000000081a00000, 0x0000000081b00000, 0x0000000081b00000|100%|HC|  |TAMS 0x0000000081b00000, 0x0000000081b00000| Complete 
|  27|0x0000000081b00000, 0x0000000081c00000, 0x0000000081c00000|100%|HC|  |TAMS 0x0000000081c00000, 0x0000000081c00000| Complete 
|  28|0x0000000081c00000, 0x0000000081d00000, 0x0000000081d00000|100%|HC|  |TAMS 0x0000000081d00000, 0x0000000081d00000| Complete 
|  29|0x0000000081d00000, 0x0000000081e00000, 0x0000000081e00000|100%|HC|  |TAMS 0x0000000081e00000, 0x0000000081e00000| Complete 
|  30|0x0000000081e00000, 0x0000000081f00000, 0x0000000081f00000|100%|HS|  |TAMS 0x0000000081f00000, 0x0000000081f00000| Complete 
|  31|0x0000000081f00000, 0x0000000082000000, 0x0000000082000000|100%|HC|  |TAMS 0x0000000082000000, 0x0000000082000000| Complete 
|  32|0x0000000082000000, 0x0000000082100000, 0x0000000082100000|100%| O|  |TAMS 0x0000000082100000, 0x0000000082100000| Untracked 
|  33|0x0000000082100000, 0x0000000082200000, 0x0000000082200000|100%|HS|  |TAMS 0x0000000082200000, 0x0000000082200000| Complete 
|  34|0x0000000082200000, 0x0000000082300000, 0x0000000082300000|100%| O|  |TAMS 0x0000000082300000, 0x0000000082300000| Untracked 
|  35|0x0000000082300000, 0x0000000082400000, 0x0000000082400000|100%| O|  |TAMS 0x0000000082400000, 0x0000000082400000| Untracked 
|  36|0x0000000082400000, 0x0000000082500000, 0x0000000082500000|100%|HS|  |TAMS 0x0000000082500000, 0x0000000082500000| Complete 
|  37|0x0000000082500000, 0x0000000082600000, 0x0000000082600000|100%|HC|  |TAMS 0x0000000082600000, 0x0000000082600000| Complete 
|  38|0x0000000082600000, 0x0000000082700000, 0x0000000082700000|100%|HC|  |TAMS 0x0000000082700000, 0x0000000082700000| Complete 
|  39|0x0000000082700000, 0x0000000082800000, 0x0000000082800000|100%|HC|  |TAMS 0x0000000082800000, 0x0000000082800000| Complete 
|  40|0x0000000082800000, 0x0000000082900000, 0x0000000082900000|100%|HC|  |TAMS 0x0000000082900000, 0x0000000082900000| Complete 
|  41|0x0000000082900000, 0x0000000082a00000, 0x0000000082a00000|100%|HC|  |TAMS 0x0000000082a00000, 0x0000000082a00000| Complete 
|  42|0x0000000082a00000, 0x0000000082b00000, 0x0000000082b00000|100%|HC|  |TAMS 0x0000000082b00000, 0x0000000082b00000| Complete 
|  43|0x0000000082b00000, 0x0000000082c00000, 0x0000000082c00000|100%|HC|  |TAMS 0x0000000082c00000, 0x0000000082c00000| Complete 
|  44|0x0000000082c00000, 0x0000000082d00000, 0x0000000082d00000|100%|HC|  |TAMS 0x0000000082d00000, 0x0000000082d00000| Complete 
|  45|0x0000000082d00000, 0x0000000082e00000, 0x0000000082e00000|100%|HC|  |TAMS 0x0000000082e00000, 0x0000000082e00000| Complete 
|  46|0x0000000082e00000, 0x0000000082f00000, 0x0000000082f00000|100%|HS|  |TAMS 0x0000000082f00000, 0x0000000082f00000| Complete 
|  47|0x0000000082f00000, 0x0000000083000000, 0x0000000083000000|100%|HC|  |TAMS 0x0000000083000000, 0x0000000083000000| Complete 
|  48|0x0000000083000000, 0x0000000083100000, 0x0000000083100000|100%|HS|  |TAMS 0x0000000083100000, 0x0000000083100000| Complete 
|  49|0x0000000083100000, 0x0000000083200000, 0x0000000083200000|100%|HC|  |TAMS 0x0000000083200000, 0x0000000083200000| Complete 
|  50|0x0000000083200000, 0x0000000083300000, 0x0000000083300000|100%|HC|  |TAMS 0x0000000083300000, 0x0000000083300000| Complete 
|  51|0x0000000083300000, 0x0000000083400000, 0x0000000083400000|100%|HS|  |TAMS 0x0000000083400000, 0x0000000083400000| Complete 
|  52|0x0000000083400000, 0x0000000083500000, 0x0000000083500000|100%|HC|  |TAMS 0x0000000083500000, 0x0000000083500000| Complete 
|  53|0x0000000083500000, 0x0000000083600000, 0x0000000083600000|100%|HS|  |TAMS 0x0000000083600000, 0x0000000083600000| Complete 
|  54|0x0000000083600000, 0x0000000083700000, 0x0000000083700000|100%|HC|  |TAMS 0x0000000083700000, 0x0000000083700000| Complete 
|  55|0x0000000083700000, 0x0000000083800000, 0x0000000083800000|100%|HC|  |TAMS 0x0000000083800000, 0x0000000083800000| Complete 
|  56|0x0000000083800000, 0x0000000083900000, 0x0000000083900000|100%| O|  |TAMS 0x0000000083900000, 0x0000000083900000| Untracked 
|  57|0x0000000083900000, 0x0000000083a00000, 0x0000000083a00000|100%| O|  |TAMS 0x0000000083a00000, 0x0000000083a00000| Untracked 
|  58|0x0000000083a00000, 0x0000000083b00000, 0x0000000083b00000|100%| O|  |TAMS 0x0000000083b00000, 0x0000000083b00000| Untracked 
|  59|0x0000000083b00000, 0x0000000083c00000, 0x0000000083c00000|100%| O|  |TAMS 0x0000000083c00000, 0x0000000083c00000| Untracked 
|  60|0x0000000083c00000, 0x0000000083d00000, 0x0000000083d00000|100%| O|  |TAMS 0x0000000083d00000, 0x0000000083d00000| Untracked 
|  61|0x0000000083d00000, 0x0000000083e00000, 0x0000000083e00000|100%| O|  |TAMS 0x0000000083e00000, 0x0000000083e00000| Untracked 
|  62|0x0000000083e00000, 0x0000000083f00000, 0x0000000083f00000|100%| O|  |TAMS 0x0000000083f00000, 0x0000000083f00000| Untracked 
|  63|0x0000000083f00000, 0x0000000084000000, 0x0000000084000000|100%|HS|  |TAMS 0x0000000084000000, 0x0000000084000000| Complete 
|  64|0x0000000084000000, 0x0000000084100000, 0x0000000084100000|100%|HC|  |TAMS 0x0000000084100000, 0x0000000084100000| Complete 
|  65|0x0000000084100000, 0x0000000084200000, 0x0000000084200000|100%|HC|  |TAMS 0x0000000084200000, 0x0000000084200000| Complete 
|  66|0x0000000084200000, 0x0000000084300000, 0x0000000084300000|100%|HC|  |TAMS 0x0000000084300000, 0x0000000084300000| Complete 
|  67|0x0000000084300000, 0x0000000084400000, 0x0000000084400000|100%|HC|  |TAMS 0x0000000084400000, 0x0000000084400000| Complete 
|  68|0x0000000084400000, 0x0000000084500000, 0x0000000084500000|100%| O|  |TAMS 0x0000000084500000, 0x0000000084500000| Untracked 
|  69|0x0000000084500000, 0x0000000084600000, 0x0000000084600000|100%| O|  |TAMS 0x0000000084600000, 0x0000000084600000| Untracked 
|  70|0x0000000084600000, 0x0000000084700000, 0x0000000084700000|100%| O|  |TAMS 0x0000000084700000, 0x0000000084700000| Untracked 
|  71|0x0000000084700000, 0x0000000084800000, 0x0000000084800000|100%| O|  |TAMS 0x0000000084800000, 0x0000000084800000| Untracked 
|  72|0x0000000084800000, 0x0000000084900000, 0x0000000084900000|100%| O|  |TAMS 0x0000000084900000, 0x0000000084900000| Untracked 
|  73|0x0000000084900000, 0x0000000084a00000, 0x0000000084a00000|100%| O|  |TAMS 0x0000000084a00000, 0x0000000084a00000| Untracked 
|  74|0x0000000084a00000, 0x0000000084b00000, 0x0000000084b00000|100%| O|  |TAMS 0x0000000084b00000, 0x0000000084b00000| Untracked 
|  75|0x0000000084b00000, 0x0000000084c00000, 0x0000000084c00000|100%| O|  |TAMS 0x0000000084c00000, 0x0000000084c00000| Untracked 
|  76|0x0000000084c00000, 0x0000000084d00000, 0x0000000084d00000|100%|HS|  |TAMS 0x0000000084d00000, 0x0000000084d00000| Complete 
|  77|0x0000000084d00000, 0x0000000084e00000, 0x0000000084e00000|100%|HC|  |TAMS 0x0000000084e00000, 0x0000000084e00000| Complete 
|  78|0x0000000084e00000, 0x0000000084f00000, 0x0000000084f00000|100%|HS|  |TAMS 0x0000000084f00000, 0x0000000084f00000| Complete 
|  79|0x0000000084f00000, 0x0000000085000000, 0x0000000085000000|100%|HS|  |TAMS 0x0000000085000000, 0x0000000085000000| Complete 
|  80|0x0000000085000000, 0x0000000085100000, 0x0000000085100000|100%|HC|  |TAMS 0x0000000085100000, 0x0000000085100000| Complete 
|  81|0x0000000085100000, 0x0000000085200000, 0x0000000085200000|100%|HC|  |TAMS 0x0000000085200000, 0x0000000085200000| Complete 
|  82|0x0000000085200000, 0x0000000085300000, 0x0000000085300000|100%|HC|  |TAMS 0x0000000085300000, 0x0000000085300000| Complete 
|  83|0x0000000085300000, 0x0000000085400000, 0x0000000085400000|100%| O|  |TAMS 0x0000000085400000, 0x0000000085400000| Untracked 
|  84|0x0000000085400000, 0x0000000085500000, 0x0000000085500000|100%| O|  |TAMS 0x0000000085500000, 0x0000000085500000| Untracked 
|  85|0x0000000085500000, 0x0000000085600000, 0x0000000085600000|100%| O|  |TAMS 0x0000000085600000, 0x0000000085600000| Untracked 
|  86|0x0000000085600000, 0x0000000085700000, 0x0000000085700000|100%| O|  |TAMS 0x0000000085700000, 0x0000000085700000| Untracked 
|  87|0x0000000085700000, 0x0000000085800000, 0x0000000085800000|100%| O|  |TAMS 0x0000000085800000, 0x0000000085800000| Untracked 
|  88|0x0000000085800000, 0x0000000085900000, 0x0000000085900000|100%| O|  |TAMS 0x0000000085900000, 0x0000000085900000| Untracked 
|  89|0x0000000085900000, 0x0000000085a00000, 0x0000000085a00000|100%| O|  |TAMS 0x0000000085a00000, 0x0000000085a00000| Untracked 
|  90|0x0000000085a00000, 0x0000000085b00000, 0x0000000085b00000|100%| O|  |TAMS 0x0000000085b00000, 0x0000000085b00000| Untracked 
|  91|0x0000000085b00000, 0x0000000085c00000, 0x0000000085c00000|100%| O|  |TAMS 0x0000000085c00000, 0x0000000085c00000| Untracked 
|  92|0x0000000085c00000, 0x0000000085d00000, 0x0000000085d00000|100%| O|  |TAMS 0x0000000085d00000, 0x0000000085d00000| Untracked 
|  93|0x0000000085d00000, 0x0000000085e00000, 0x0000000085e00000|100%| O|  |TAMS 0x0000000085e00000, 0x0000000085e00000| Untracked 
|  94|0x0000000085e00000, 0x0000000085f00000, 0x0000000085f00000|100%| O|  |TAMS 0x0000000085f00000, 0x0000000085f00000| Untracked 
|  95|0x0000000085f00000, 0x0000000086000000, 0x0000000086000000|100%| O|  |TAMS 0x0000000086000000, 0x0000000086000000| Untracked 
|  96|0x0000000086000000, 0x0000000086100000, 0x0000000086100000|100%| O|  |TAMS 0x0000000086100000, 0x0000000086100000| Untracked 
|  97|0x0000000086100000, 0x0000000086200000, 0x0000000086200000|100%| O|  |TAMS 0x0000000086200000, 0x0000000086200000| Untracked 
|  98|0x0000000086200000, 0x0000000086300000, 0x0000000086300000|100%| O|  |TAMS 0x0000000086300000, 0x0000000086300000| Untracked 
|  99|0x0000000086300000, 0x0000000086400000, 0x0000000086400000|100%| O|  |TAMS 0x0000000086400000, 0x0000000086400000| Untracked 
| 100|0x0000000086400000, 0x0000000086500000, 0x0000000086500000|100%| O|  |TAMS 0x0000000086500000, 0x0000000086500000| Untracked 
| 101|0x0000000086500000, 0x0000000086600000, 0x0000000086600000|100%| O|  |TAMS 0x0000000086600000, 0x0000000086600000| Untracked 
| 102|0x0000000086600000, 0x0000000086700000, 0x0000000086700000|100%| O|  |TAMS 0x0000000086700000, 0x0000000086700000| Untracked 
| 103|0x0000000086700000, 0x0000000086800000, 0x0000000086800000|100%| O|  |TAMS 0x0000000086800000, 0x0000000086800000| Untracked 
| 104|0x0000000086800000, 0x0000000086900000, 0x0000000086900000|100%| O|  |TAMS 0x0000000086900000, 0x0000000086900000| Untracked 
| 105|0x0000000086900000, 0x0000000086a00000, 0x0000000086a00000|100%| O|  |TAMS 0x0000000086a00000, 0x0000000086a00000| Untracked 
| 106|0x0000000086a00000, 0x0000000086b00000, 0x0000000086b00000|100%| O|  |TAMS 0x0000000086b00000, 0x0000000086b00000| Untracked 
| 107|0x0000000086b00000, 0x0000000086c00000, 0x0000000086c00000|100%| O|  |TAMS 0x0000000086c00000, 0x0000000086c00000| Untracked 
| 108|0x0000000086c00000, 0x0000000086d00000, 0x0000000086d00000|100%| O|  |TAMS 0x0000000086d00000, 0x0000000086d00000| Untracked 
| 109|0x0000000086d00000, 0x0000000086e00000, 0x0000000086e00000|100%| O|  |TAMS 0x0000000086e00000, 0x0000000086e00000| Untracked 
| 110|0x0000000086e00000, 0x0000000086f00000, 0x0000000086f00000|100%| O|  |TAMS 0x0000000086f00000, 0x0000000086f00000| Untracked 
| 111|0x0000000086f00000, 0x0000000087000000, 0x0000000087000000|100%|HS|  |TAMS 0x0000000087000000, 0x0000000087000000| Complete 
| 112|0x0000000087000000, 0x0000000087100000, 0x0000000087100000|100%|HC|  |TAMS 0x0000000087100000, 0x0000000087100000| Complete 
| 113|0x0000000087100000, 0x0000000087200000, 0x0000000087200000|100%|HC|  |TAMS 0x0000000087200000, 0x0000000087200000| Complete 
| 114|0x0000000087200000, 0x0000000087300000, 0x0000000087300000|100%|HC|  |TAMS 0x0000000087300000, 0x0000000087300000| Complete 
| 115|0x0000000087300000, 0x0000000087400000, 0x0000000087400000|100%|HC|  |TAMS 0x0000000087400000, 0x0000000087400000| Complete 
| 116|0x0000000087400000, 0x0000000087500000, 0x0000000087500000|100%|HC|  |TAMS 0x0000000087500000, 0x0000000087500000| Complete 
| 117|0x0000000087500000, 0x0000000087600000, 0x0000000087600000|100%|HC|  |TAMS 0x0000000087600000, 0x0000000087600000| Complete 
| 118|0x0000000087600000, 0x0000000087700000, 0x0000000087700000|100%|HC|  |TAMS 0x0000000087700000, 0x0000000087700000| Complete 
| 119|0x0000000087700000, 0x0000000087800000, 0x0000000087800000|100%|HC|  |TAMS 0x0000000087800000, 0x0000000087800000| Complete 
| 120|0x0000000087800000, 0x0000000087900000, 0x0000000087900000|100%|HC|  |TAMS 0x0000000087900000, 0x0000000087900000| Complete 
| 121|0x0000000087900000, 0x0000000087a00000, 0x0000000087a00000|100%|HS|  |TAMS 0x0000000087a00000, 0x0000000087a00000| Complete 
| 122|0x0000000087a00000, 0x0000000087b00000, 0x0000000087b00000|100%|HC|  |TAMS 0x0000000087b00000, 0x0000000087b00000| Complete 
| 123|0x0000000087b00000, 0x0000000087c00000, 0x0000000087c00000|100%|HS|  |TAMS 0x0000000087c00000, 0x0000000087c00000| Complete 
| 124|0x0000000087c00000, 0x0000000087d00000, 0x0000000087d00000|100%|HC|  |TAMS 0x0000000087d00000, 0x0000000087d00000| Complete 
| 125|0x0000000087d00000, 0x0000000087e00000, 0x0000000087e00000|100%|HS|  |TAMS 0x0000000087e00000, 0x0000000087e00000| Complete 
| 126|0x0000000087e00000, 0x0000000087f00000, 0x0000000087f00000|100%|HC|  |TAMS 0x0000000087f00000, 0x0000000087f00000| Complete 
| 127|0x0000000087f00000, 0x0000000088000000, 0x0000000088000000|100%|HC|  |TAMS 0x0000000088000000, 0x0000000088000000| Complete 
| 128|0x0000000088000000, 0x0000000088100000, 0x0000000088100000|100%| O|  |TAMS 0x0000000088100000, 0x0000000088100000| Untracked 
| 129|0x0000000088100000, 0x0000000088200000, 0x0000000088200000|100%| O|  |TAMS 0x0000000088200000, 0x0000000088200000| Untracked 
| 130|0x0000000088200000, 0x0000000088300000, 0x0000000088300000|100%| O|  |TAMS 0x0000000088300000, 0x0000000088300000| Untracked 
| 131|0x0000000088300000, 0x0000000088400000, 0x0000000088400000|100%| O|  |TAMS 0x0000000088400000, 0x0000000088400000| Untracked 
| 132|0x0000000088400000, 0x0000000088500000, 0x0000000088500000|100%| O|  |TAMS 0x0000000088500000, 0x0000000088500000| Untracked 
| 133|0x0000000088500000, 0x0000000088600000, 0x0000000088600000|100%| O|  |TAMS 0x0000000088600000, 0x0000000088600000| Untracked 
| 134|0x0000000088600000, 0x0000000088700000, 0x0000000088700000|100%|HS|  |TAMS 0x0000000088700000, 0x0000000088700000| Complete 
| 135|0x0000000088700000, 0x0000000088800000, 0x0000000088800000|100%|HC|  |TAMS 0x0000000088800000, 0x0000000088800000| Complete 
| 136|0x0000000088800000, 0x0000000088900000, 0x0000000088900000|100%|HC|  |TAMS 0x0000000088900000, 0x0000000088900000| Complete 
| 137|0x0000000088900000, 0x0000000088a00000, 0x0000000088a00000|100%|HS|  |TAMS 0x0000000088a00000, 0x0000000088a00000| Complete 
| 138|0x0000000088a00000, 0x0000000088b00000, 0x0000000088b00000|100%|HC|  |TAMS 0x0000000088b00000, 0x0000000088b00000| Complete 
| 139|0x0000000088b00000, 0x0000000088c00000, 0x0000000088c00000|100%|HC|  |TAMS 0x0000000088c00000, 0x0000000088c00000| Complete 
| 140|0x0000000088c00000, 0x0000000088d00000, 0x0000000088d00000|100%|HC|  |TAMS 0x0000000088d00000, 0x0000000088d00000| Complete 
| 141|0x0000000088d00000, 0x0000000088e00000, 0x0000000088e00000|100%|HC|  |TAMS 0x0000000088e00000, 0x0000000088e00000| Complete 
| 142|0x0000000088e00000, 0x0000000088f00000, 0x0000000088f00000|100%|HS|  |TAMS 0x0000000088f00000, 0x0000000088f00000| Complete 
| 143|0x0000000088f00000, 0x0000000089000000, 0x0000000089000000|100%|HC|  |TAMS 0x0000000089000000, 0x0000000089000000| Complete 
| 144|0x0000000089000000, 0x0000000089100000, 0x0000000089100000|100%|HS|  |TAMS 0x0000000089100000, 0x0000000089100000| Complete 
| 145|0x0000000089100000, 0x0000000089200000, 0x0000000089200000|100%|HC|  |TAMS 0x0000000089200000, 0x0000000089200000| Complete 
| 146|0x0000000089200000, 0x0000000089300000, 0x0000000089300000|100%|HC|  |TAMS 0x0000000089300000, 0x0000000089300000| Complete 
| 147|0x0000000089300000, 0x0000000089400000, 0x0000000089400000|100%|HC|  |TAMS 0x0000000089400000, 0x0000000089400000| Complete 
| 148|0x0000000089400000, 0x0000000089500000, 0x0000000089500000|100%|HC|  |TAMS 0x0000000089500000, 0x0000000089500000| Complete 
| 149|0x0000000089500000, 0x0000000089600000, 0x0000000089600000|100%|HC|  |TAMS 0x0000000089600000, 0x0000000089600000| Complete 
| 150|0x0000000089600000, 0x0000000089700000, 0x0000000089700000|100%|HC|  |TAMS 0x0000000089700000, 0x0000000089700000| Complete 
| 151|0x0000000089700000, 0x0000000089800000, 0x0000000089800000|100%|HC|  |TAMS 0x0000000089800000, 0x0000000089800000| Complete 
| 152|0x0000000089800000, 0x0000000089900000, 0x0000000089900000|100%|HC|  |TAMS 0x0000000089900000, 0x0000000089900000| Complete 
| 153|0x0000000089900000, 0x0000000089a00000, 0x0000000089a00000|100%|HC|  |TAMS 0x0000000089a00000, 0x0000000089a00000| Complete 
| 154|0x0000000089a00000, 0x0000000089b00000, 0x0000000089b00000|100%|HS|  |TAMS 0x0000000089b00000, 0x0000000089b00000| Complete 
| 155|0x0000000089b00000, 0x0000000089c00000, 0x0000000089c00000|100%|HC|  |TAMS 0x0000000089c00000, 0x0000000089c00000| Complete 
| 156|0x0000000089c00000, 0x0000000089d00000, 0x0000000089d00000|100%| O|  |TAMS 0x0000000089d00000, 0x0000000089d00000| Untracked 
| 157|0x0000000089d00000, 0x0000000089e00000, 0x0000000089e00000|100%| O|  |TAMS 0x0000000089e00000, 0x0000000089e00000| Untracked 
| 158|0x0000000089e00000, 0x0000000089f00000, 0x0000000089f00000|100%| O|  |TAMS 0x0000000089f00000, 0x0000000089f00000| Untracked 
| 159|0x0000000089f00000, 0x000000008a000000, 0x000000008a000000|100%| O|  |TAMS 0x000000008a000000, 0x000000008a000000| Untracked 
| 160|0x000000008a000000, 0x000000008a100000, 0x000000008a100000|100%| O|  |TAMS 0x000000008a100000, 0x000000008a100000| Untracked 
| 161|0x000000008a100000, 0x000000008a200000, 0x000000008a200000|100%| O|  |TAMS 0x000000008a200000, 0x000000008a200000| Untracked 
| 162|0x000000008a200000, 0x000000008a300000, 0x000000008a300000|100%| O|  |TAMS 0x000000008a300000, 0x000000008a300000| Untracked 
| 163|0x000000008a300000, 0x000000008a400000, 0x000000008a400000|100%| O|  |TAMS 0x000000008a400000, 0x000000008a400000| Untracked 
| 164|0x000000008a400000, 0x000000008a500000, 0x000000008a500000|100%| O|  |TAMS 0x000000008a500000, 0x000000008a500000| Untracked 
| 165|0x000000008a500000, 0x000000008a600000, 0x000000008a600000|100%| O|  |TAMS 0x000000008a600000, 0x000000008a600000| Untracked 
| 166|0x000000008a600000, 0x000000008a700000, 0x000000008a700000|100%| O|  |TAMS 0x000000008a700000, 0x000000008a700000| Untracked 
| 167|0x000000008a700000, 0x000000008a800000, 0x000000008a800000|100%| O|  |TAMS 0x000000008a757c00, 0x000000008a800000| Untracked 
| 168|0x000000008a800000, 0x000000008a900000, 0x000000008a900000|100%| O|  |TAMS 0x000000008a800000, 0x000000008a900000| Untracked 
| 169|0x000000008a900000, 0x000000008aa00000, 0x000000008aa00000|100%| O|  |TAMS 0x000000008a900000, 0x000000008aa00000| Untracked 
| 170|0x000000008aa00000, 0x000000008ab00000, 0x000000008ab00000|100%| O|  |TAMS 0x000000008aa00000, 0x000000008ab00000| Untracked 
| 171|0x000000008ab00000, 0x000000008ac00000, 0x000000008ac00000|100%| O|  |TAMS 0x000000008ab00000, 0x000000008ac00000| Untracked 
| 172|0x000000008ac00000, 0x000000008ad00000, 0x000000008ad00000|100%| O|  |TAMS 0x000000008ac00000, 0x000000008ad00000| Untracked 
| 173|0x000000008ad00000, 0x000000008ae00000, 0x000000008ae00000|100%| O|  |TAMS 0x000000008ad00000, 0x000000008ae00000| Untracked 
| 174|0x000000008ae00000, 0x000000008af00000, 0x000000008af00000|100%| O|  |TAMS 0x000000008ae00000, 0x000000008af00000| Untracked 
| 175|0x000000008af00000, 0x000000008af5ce00, 0x000000008b000000| 36%| O|  |TAMS 0x000000008af00000, 0x000000008af5ce00| Untracked 
| 176|0x000000008b000000, 0x000000008b100000, 0x000000008b100000|100%|HS|  |TAMS 0x000000008b000000, 0x000000008b000000| Complete 
| 177|0x000000008b100000, 0x000000008b100000, 0x000000008b200000|  0%| F|  |TAMS 0x000000008b100000, 0x000000008b100000| Untracked 
| 178|0x000000008b200000, 0x000000008b200000, 0x000000008b300000|  0%| F|  |TAMS 0x000000008b200000, 0x000000008b200000| Untracked 
| 179|0x000000008b300000, 0x000000008b300000, 0x000000008b400000|  0%| F|  |TAMS 0x000000008b300000, 0x000000008b300000| Untracked 
| 180|0x000000008b400000, 0x000000008b400000, 0x000000008b500000|  0%| F|  |TAMS 0x000000008b400000, 0x000000008b400000| Untracked 
| 181|0x000000008b500000, 0x000000008b500000, 0x000000008b600000|  0%| F|  |TAMS 0x000000008b500000, 0x000000008b500000| Untracked 
| 182|0x000000008b600000, 0x000000008b600000, 0x000000008b700000|  0%| F|  |TAMS 0x000000008b600000, 0x000000008b600000| Untracked 
| 183|0x000000008b700000, 0x000000008b700000, 0x000000008b800000|  0%| F|  |TAMS 0x000000008b700000, 0x000000008b700000| Untracked 
| 184|0x000000008b800000, 0x000000008b800000, 0x000000008b900000|  0%| F|  |TAMS 0x000000008b800000, 0x000000008b800000| Untracked 
| 185|0x000000008b900000, 0x000000008b900000, 0x000000008ba00000|  0%| F|  |TAMS 0x000000008b900000, 0x000000008b900000| Untracked 
| 186|0x000000008ba00000, 0x000000008ba00000, 0x000000008bb00000|  0%| F|  |TAMS 0x000000008ba00000, 0x000000008ba00000| Untracked 
| 187|0x000000008bb00000, 0x000000008bb00000, 0x000000008bc00000|  0%| F|  |TAMS 0x000000008bb00000, 0x000000008bb00000| Untracked 
| 188|0x000000008bc00000, 0x000000008bc00000, 0x000000008bd00000|  0%| F|  |TAMS 0x000000008bc00000, 0x000000008bc00000| Untracked 
| 189|0x000000008bd00000, 0x000000008bd00000, 0x000000008be00000|  0%| F|  |TAMS 0x000000008bd00000, 0x000000008bd00000| Untracked 
| 190|0x000000008be00000, 0x000000008be00000, 0x000000008bf00000|  0%| F|  |TAMS 0x000000008be00000, 0x000000008be00000| Untracked 
| 191|0x000000008bf00000, 0x000000008bf00000, 0x000000008c000000|  0%| F|  |TAMS 0x000000008bf00000, 0x000000008bf00000| Untracked 
| 192|0x000000008c000000, 0x000000008c000000, 0x000000008c100000|  0%| F|  |TAMS 0x000000008c000000, 0x000000008c000000| Untracked 
| 193|0x000000008c100000, 0x000000008c100000, 0x000000008c200000|  0%| F|  |TAMS 0x000000008c100000, 0x000000008c100000| Untracked 
| 194|0x000000008c200000, 0x000000008c200000, 0x000000008c300000|  0%| F|  |TAMS 0x000000008c200000, 0x000000008c200000| Untracked 
| 195|0x000000008c300000, 0x000000008c300000, 0x000000008c400000|  0%| F|  |TAMS 0x000000008c300000, 0x000000008c300000| Untracked 
| 196|0x000000008c400000, 0x000000008c400000, 0x000000008c500000|  0%| F|  |TAMS 0x000000008c400000, 0x000000008c400000| Untracked 
| 197|0x000000008c500000, 0x000000008c500000, 0x000000008c600000|  0%| F|  |TAMS 0x000000008c500000, 0x000000008c500000| Untracked 
| 198|0x000000008c600000, 0x000000008c600000, 0x000000008c700000|  0%| F|  |TAMS 0x000000008c600000, 0x000000008c600000| Untracked 
| 199|0x000000008c700000, 0x000000008c700000, 0x000000008c800000|  0%| F|  |TAMS 0x000000008c700000, 0x000000008c700000| Untracked 
| 200|0x000000008c800000, 0x000000008c800000, 0x000000008c900000|  0%| F|  |TAMS 0x000000008c800000, 0x000000008c800000| Untracked 
| 201|0x000000008c900000, 0x000000008c900000, 0x000000008ca00000|  0%| F|  |TAMS 0x000000008c900000, 0x000000008c900000| Untracked 
| 202|0x000000008ca00000, 0x000000008ca00000, 0x000000008cb00000|  0%| F|  |TAMS 0x000000008ca00000, 0x000000008ca00000| Untracked 
| 203|0x000000008cb00000, 0x000000008cb00000, 0x000000008cc00000|  0%| F|  |TAMS 0x000000008cb00000, 0x000000008cb00000| Untracked 
| 204|0x000000008cc00000, 0x000000008cc00000, 0x000000008cd00000|  0%| F|  |TAMS 0x000000008cc00000, 0x000000008cc00000| Untracked 
| 205|0x000000008cd00000, 0x000000008cd00000, 0x000000008ce00000|  0%| F|  |TAMS 0x000000008cd00000, 0x000000008cd00000| Untracked 
| 206|0x000000008ce00000, 0x000000008ce00000, 0x000000008cf00000|  0%| F|  |TAMS 0x000000008ce00000, 0x000000008ce00000| Untracked 
| 207|0x000000008cf00000, 0x000000008cf00000, 0x000000008d000000|  0%| F|  |TAMS 0x000000008cf00000, 0x000000008cf00000| Untracked 
| 208|0x000000008d000000, 0x000000008d000000, 0x000000008d100000|  0%| F|  |TAMS 0x000000008d000000, 0x000000008d000000| Untracked 
| 209|0x000000008d100000, 0x000000008d100000, 0x000000008d200000|  0%| F|  |TAMS 0x000000008d100000, 0x000000008d100000| Untracked 
| 210|0x000000008d200000, 0x000000008d200000, 0x000000008d300000|  0%| F|  |TAMS 0x000000008d200000, 0x000000008d200000| Untracked 
| 211|0x000000008d300000, 0x000000008d300000, 0x000000008d400000|  0%| F|  |TAMS 0x000000008d300000, 0x000000008d300000| Untracked 
| 212|0x000000008d400000, 0x000000008d400000, 0x000000008d500000|  0%| F|  |TAMS 0x000000008d400000, 0x000000008d400000| Untracked 
| 213|0x000000008d500000, 0x000000008d500000, 0x000000008d600000|  0%| F|  |TAMS 0x000000008d500000, 0x000000008d500000| Untracked 
| 214|0x000000008d600000, 0x000000008d600000, 0x000000008d700000|  0%| F|  |TAMS 0x000000008d600000, 0x000000008d600000| Untracked 
| 215|0x000000008d700000, 0x000000008d700000, 0x000000008d800000|  0%| F|  |TAMS 0x000000008d700000, 0x000000008d700000| Untracked 
| 216|0x000000008d800000, 0x000000008d800000, 0x000000008d900000|  0%| F|  |TAMS 0x000000008d800000, 0x000000008d800000| Untracked 
| 217|0x000000008d900000, 0x000000008d900000, 0x000000008da00000|  0%| F|  |TAMS 0x000000008d900000, 0x000000008d900000| Untracked 
| 218|0x000000008da00000, 0x000000008da00000, 0x000000008db00000|  0%| F|  |TAMS 0x000000008da00000, 0x000000008da00000| Untracked 
| 219|0x000000008db00000, 0x000000008db00000, 0x000000008dc00000|  0%| F|  |TAMS 0x000000008db00000, 0x000000008db00000| Untracked 
| 220|0x000000008dc00000, 0x000000008dc00000, 0x000000008dd00000|  0%| F|  |TAMS 0x000000008dc00000, 0x000000008dc00000| Untracked 
| 221|0x000000008dd00000, 0x000000008dd00000, 0x000000008de00000|  0%| F|  |TAMS 0x000000008dd00000, 0x000000008dd00000| Untracked 
| 222|0x000000008de00000, 0x000000008de00000, 0x000000008df00000|  0%| F|  |TAMS 0x000000008de00000, 0x000000008de00000| Untracked 
| 223|0x000000008df00000, 0x000000008df00000, 0x000000008e000000|  0%| F|  |TAMS 0x000000008df00000, 0x000000008df00000| Untracked 
| 224|0x000000008e000000, 0x000000008e000000, 0x000000008e100000|  0%| F|  |TAMS 0x000000008e000000, 0x000000008e000000| Untracked 
| 225|0x000000008e100000, 0x000000008e100000, 0x000000008e200000|  0%| F|  |TAMS 0x000000008e100000, 0x000000008e100000| Untracked 
| 226|0x000000008e200000, 0x000000008e200000, 0x000000008e300000|  0%| F|  |TAMS 0x000000008e200000, 0x000000008e200000| Untracked 
| 227|0x000000008e300000, 0x000000008e3653e8, 0x000000008e400000| 39%| S|CS|TAMS 0x000000008e300000, 0x000000008e300000| Complete 
| 228|0x000000008e400000, 0x000000008e500000, 0x000000008e500000|100%| S|CS|TAMS 0x000000008e400000, 0x000000008e400000| Complete 
| 229|0x000000008e500000, 0x000000008e500000, 0x000000008e600000|  0%| F|  |TAMS 0x000000008e500000, 0x000000008e500000| Untracked 
| 230|0x000000008e600000, 0x000000008e640c70, 0x000000008e700000| 25%| E|  |TAMS 0x000000008e600000, 0x000000008e600000| Complete 
| 231|0x000000008e700000, 0x000000008e800000, 0x000000008e800000|100%| E|CS|TAMS 0x000000008e700000, 0x000000008e700000| Complete 
| 232|0x000000008e800000, 0x000000008e900000, 0x000000008e900000|100%| E|CS|TAMS 0x000000008e800000, 0x000000008e800000| Complete 
| 233|0x000000008e900000, 0x000000008ea00000, 0x000000008ea00000|100%| E|CS|TAMS 0x000000008e900000, 0x000000008e900000| Complete 
| 234|0x000000008ea00000, 0x000000008eb00000, 0x000000008eb00000|100%| E|CS|TAMS 0x000000008ea00000, 0x000000008ea00000| Complete 
| 235|0x000000008eb00000, 0x000000008ec00000, 0x000000008ec00000|100%| E|CS|TAMS 0x000000008eb00000, 0x000000008eb00000| Complete 
| 236|0x000000008ec00000, 0x000000008ed00000, 0x000000008ed00000|100%| E|CS|TAMS 0x000000008ec00000, 0x000000008ec00000| Complete 
| 237|0x000000008ed00000, 0x000000008ee00000, 0x000000008ee00000|100%| E|CS|TAMS 0x000000008ed00000, 0x000000008ed00000| Complete 
| 238|0x000000008ee00000, 0x000000008ef00000, 0x000000008ef00000|100%| E|CS|TAMS 0x000000008ee00000, 0x000000008ee00000| Complete 
| 239|0x000000008ef00000, 0x000000008f000000, 0x000000008f000000|100%| E|CS|TAMS 0x000000008ef00000, 0x000000008ef00000| Complete 
| 240|0x000000008f000000, 0x000000008f100000, 0x000000008f100000|100%| E|CS|TAMS 0x000000008f000000, 0x000000008f000000| Complete 
| 241|0x000000008f100000, 0x000000008f200000, 0x000000008f200000|100%| E|CS|TAMS 0x000000008f100000, 0x000000008f100000| Complete 
| 242|0x000000008f200000, 0x000000008f300000, 0x000000008f300000|100%| E|CS|TAMS 0x000000008f200000, 0x000000008f200000| Complete 
| 243|0x000000008f300000, 0x000000008f400000, 0x000000008f400000|100%| E|CS|TAMS 0x000000008f300000, 0x000000008f300000| Complete 
| 244|0x000000008f400000, 0x000000008f500000, 0x000000008f500000|100%| E|CS|TAMS 0x000000008f400000, 0x000000008f400000| Complete 
| 245|0x000000008f500000, 0x000000008f600000, 0x000000008f600000|100%| E|CS|TAMS 0x000000008f500000, 0x000000008f500000| Complete 
| 246|0x000000008f600000, 0x000000008f700000, 0x000000008f700000|100%| E|CS|TAMS 0x000000008f600000, 0x000000008f600000| Complete 
| 247|0x000000008f700000, 0x000000008f800000, 0x000000008f800000|100%| E|CS|TAMS 0x000000008f700000, 0x000000008f700000| Complete 
| 248|0x000000008f800000, 0x000000008f900000, 0x000000008f900000|100%| E|CS|TAMS 0x000000008f800000, 0x000000008f800000| Complete 
| 249|0x000000008f900000, 0x000000008fa00000, 0x000000008fa00000|100%| E|CS|TAMS 0x000000008f900000, 0x000000008f900000| Complete 
| 250|0x000000008fa00000, 0x000000008fb00000, 0x000000008fb00000|100%| E|CS|TAMS 0x000000008fa00000, 0x000000008fa00000| Complete 
| 251|0x000000008fb00000, 0x000000008fc00000, 0x000000008fc00000|100%| E|CS|TAMS 0x000000008fb00000, 0x000000008fb00000| Complete 
| 252|0x000000008fc00000, 0x000000008fd00000, 0x000000008fd00000|100%| E|CS|TAMS 0x000000008fc00000, 0x000000008fc00000| Complete 
| 253|0x000000008fd00000, 0x000000008fe00000, 0x000000008fe00000|100%| E|CS|TAMS 0x000000008fd00000, 0x000000008fd00000| Complete 

Card table byte_map: [0x00000214fe410000,0x00000214fe810000] _byte_map_base: 0x00000214fe010000

Marking Bits (Prev, Next): (CMBitMap*) 0x00000214fbd17548, (CMBitMap*) 0x00000214fbd17580
 Prev Bits: [0x0000021492a50000, 0x0000021494a50000)
 Next Bits: [0x0000021494a50000, 0x0000021496a50000)

Polling page: 0x00000214fbdb0000

Metaspace:

Usage:
  Non-class:     83.40 MB capacity,    81.75 MB ( 98%) used,     1.38 MB (  2%) free+waste,   278.00 KB ( <1%) overhead. 
      Class:     13.07 MB capacity,    12.11 MB ( 93%) used,   862.84 KB (  6%) free+waste,   128.62 KB ( <1%) overhead. 
       Both:     96.48 MB capacity,    93.86 MB ( 97%) used,     2.22 MB (  2%) free+waste,   406.62 KB ( <1%) overhead. 

Virtual space:
  Non-class space:       84.00 MB reserved,      83.56 MB (>99%) committed 
      Class space:        1.00 GB reserved,      13.16 MB (  1%) committed 
             Both:        1.08 GB reserved,      96.71 MB (  9%) committed 

Chunk freelists:
   Non-Class:  33.00 KB
       Class:  20.00 KB
        Both:  53.00 KB

MaxMetaspaceSize: 17179869184.00 GB
CompressedClassSpaceSize: 1.00 GB
Initial GC threshold: 20.80 MB
Current GC threshold: 153.07 MB
CDS: off

CodeHeap 'non-profiled nmethods': size=120000Kb used=6528Kb max_used=6528Kb free=113471Kb
 bounds [0x000002148b520000, 0x000002148bb90000, 0x0000021492a50000]
CodeHeap 'profiled nmethods': size=120000Kb used=20993Kb max_used=20993Kb free=99006Kb
 bounds [0x0000021483ff0000, 0x0000021485480000, 0x000002148b520000]
CodeHeap 'non-nmethods': size=5760Kb used=2389Kb max_used=2449Kb free=3370Kb
 bounds [0x0000021483a50000, 0x0000021483cc0000, 0x0000021483ff0000]
 total_blobs=10422 nmethods=9508 adapters=826
 compilation: enabled
              stopped_count=0, restarted_count=0
 full_count=0

Compilation events (20 events):
Event: 20.654 Thread 0x000002149c070000 nmethod 9558 0x000002148bb65690 code [0x000002148bb65860, 0x000002148bb660a8]
Event: 20.655 Thread 0x000002149c070000 9559   !   4       java.util.zip.ZipFile$Source::readFullyAt (74 bytes)
Event: 20.663 Thread 0x000002149c070000 nmethod 9559 0x000002148bb66210 code [0x000002148bb663c0, 0x000002148bb66918]
Event: 20.667 Thread 0x0000021498aff000 nmethod 9450% 0x000002148bb66c90 code [0x000002148bb67240, 0x000002148bb6c820]
Event: 20.750 Thread 0x0000021498b03000 9560       3       org.gradle.internal.work.DefaultWorkerLeaseService::acquireLocksWithoutWorkerLeaseWhileBlocked (22 bytes)
Event: 20.751 Thread 0x0000021498b03000 nmethod 9560 0x0000021485461e90 code [0x0000021485462080, 0x0000021485462458]
Event: 20.751 Thread 0x0000021498b03000 9561       3       org.gradle.internal.resources.DefaultResourceLockCoordinationService::tryLock (10 bytes)
Event: 20.751 Thread 0x0000021498b03000 nmethod 9561 0x0000021485462610 code [0x00000214854627e0, 0x0000021485462a38]
Event: 20.751 Thread 0x0000021498b03000 9562       3       org.gradle.internal.work.DefaultWorkerLeaseService::releaseLocks (15 bytes)
Event: 20.751 Thread 0x0000021498b03000 nmethod 9562 0x0000021485462b10 code [0x0000021485462d00, 0x0000021485463048]
Event: 20.756 Thread 0x000002149c070000 9563       4       java.util.regex.Pattern::closure (365 bytes)
Event: 20.798 Thread 0x0000021498b03000 9564       1       jdk.internal.loader.AbstractClassLoaderValue$Sub::key (5 bytes)
Event: 20.798 Thread 0x0000021498b03000 nmethod 9564 0x000002148bb6e890 code [0x000002148bb6ea40, 0x000002148bb6eaf8]
Event: 20.798 Thread 0x0000021498aff000 9565       4       java.io.DataOutputStream::writeInt (65 bytes)
Event: 20.806 Thread 0x0000021498aff000 nmethod 9565 0x000002148bb6eb90 code [0x000002148bb6ed40, 0x000002148bb6ee78]
Event: 20.808 Thread 0x0000021498aff000 9566       4       java.nio.ByteBuffer::flip (7 bytes)
Event: 20.809 Thread 0x0000021498aff000 nmethod 9566 0x000002148bb6f010 code [0x000002148bb6f1a0, 0x000002148bb6f218]
Event: 20.815 Thread 0x0000021498b03000 9567       1       com.amazon.ion.impl.bin.IonRawBinaryWriter$RecyclingStack::peek (5 bytes)
Event: 20.816 Thread 0x0000021498b03000 nmethod 9567 0x000002148bb6f310 code [0x000002148bb6f4c0, 0x000002148bb6f578]
Event: 20.817 Thread 0x0000021498b03000 9568       3       java.lang.reflect.ProxyGenerator::addProxyMethod (233 bytes)

GC Heap History (20 events):
Event: 15.086 GC heap before
{Heap before GC invocations=15 (full 0):
 garbage-first heap   total 260096K, used 177173K [0x0000000080000000, 0x0000000100000000)
  region size 1024K, 70 young (71680K), 4 survivors (4096K)
 Metaspace       used 72050K, capacity 73913K, committed 74076K, reserved 1114112K
  class space    used 9152K, capacity 9914K, committed 10016K, reserved 1048576K
}
Event: 15.094 GC heap after
{Heap after GC invocations=16 (full 0):
 garbage-first heap   total 260096K, used 113497K [0x0000000080000000, 0x0000000100000000)
  region size 1024K, 8 young (8192K), 8 survivors (8192K)
 Metaspace       used 72050K, capacity 73913K, committed 74076K, reserved 1114112K
  class space    used 9152K, capacity 9914K, committed 10016K, reserved 1048576K
}
Event: 16.673 GC heap before
{Heap before GC invocations=16 (full 0):
 garbage-first heap   total 260096K, used 183129K [0x0000000080000000, 0x0000000100000000)
  region size 1024K, 77 young (78848K), 8 survivors (8192K)
 Metaspace       used 79623K, capacity 81648K, committed 81884K, reserved 1120256K
  class space    used 10316K, capacity 11129K, committed 11168K, reserved 1048576K
}
Event: 16.686 GC heap after
{Heap after GC invocations=17 (full 0):
 garbage-first heap   total 260096K, used 119466K [0x0000000080000000, 0x0000000100000000)
  region size 1024K, 10 young (10240K), 10 survivors (10240K)
 Metaspace       used 79623K, capacity 81648K, committed 81884K, reserved 1120256K
  class space    used 10316K, capacity 11129K, committed 11168K, reserved 1048576K
}
Event: 17.086 GC heap before
{Heap before GC invocations=17 (full 0):
 garbage-first heap   total 260096K, used 136874K [0x0000000080000000, 0x0000000100000000)
  region size 1024K, 28 young (28672K), 10 survivors (10240K)
 Metaspace       used 81833K, capacity 83842K, committed 84188K, reserved 1122304K
  class space    used 10514K, capacity 11301K, committed 11424K, reserved 1048576K
}
Event: 17.097 GC heap after
{Heap after GC invocations=18 (full 0):
 garbage-first heap   total 260096K, used 122463K [0x0000000080000000, 0x0000000100000000)
  region size 1024K, 9 young (9216K), 9 survivors (9216K)
 Metaspace       used 81833K, capacity 83842K, committed 84188K, reserved 1122304K
  class space    used 10514K, capacity 11301K, committed 11424K, reserved 1048576K
}
Event: 17.291 GC heap before
{Heap before GC invocations=19 (full 0):
 garbage-first heap   total 260096K, used 140895K [0x0000000080000000, 0x0000000100000000)
  region size 1024K, 11 young (11264K), 9 survivors (9216K)
 Metaspace       used 81833K, capacity 83842K, committed 84188K, reserved 1122304K
  class space    used 10514K, capacity 11301K, committed 11424K, reserved 1048576K
}
Event: 17.300 GC heap after
{Heap after GC invocations=20 (full 0):
 garbage-first heap   total 260096K, used 140747K [0x0000000080000000, 0x0000000100000000)
  region size 1024K, 5 young (5120K), 5 survivors (5120K)
 Metaspace       used 81833K, capacity 83842K, committed 84188K, reserved 1122304K
  class space    used 10514K, capacity 11301K, committed 11424K, reserved 1048576K
}
Event: 17.923 GC heap before
{Heap before GC invocations=21 (full 0):
 garbage-first heap   total 260096K, used 220619K [0x0000000080000000, 0x0000000100000000)
  region size 1024K, 62 young (63488K), 5 survivors (5120K)
 Metaspace       used 84266K, capacity 86569K, committed 86876K, reserved 1124352K
  class space    used 10871K, capacity 11709K, committed 11808K, reserved 1048576K
}
Event: 17.932 GC heap after
{Heap after GC invocations=22 (full 0):
 garbage-first heap   total 260096K, used 169076K [0x0000000080000000, 0x0000000100000000)
  region size 1024K, 8 young (8192K), 8 survivors (8192K)
 Metaspace       used 84266K, capacity 86569K, committed 86876K, reserved 1124352K
  class space    used 10871K, capacity 11709K, committed 11808K, reserved 1048576K
}
Event: 18.453 GC heap before
{Heap before GC invocations=22 (full 0):
 garbage-first heap   total 260096K, used 213108K [0x0000000080000000, 0x0000000100000000)
  region size 1024K, 51 young (52224K), 8 survivors (8192K)
 Metaspace       used 85396K, capacity 87734K, committed 87772K, reserved 1126400K
  class space    used 11008K, capacity 11918K, committed 11936K, reserved 1048576K
}
Event: 18.463 GC heap after
{Heap after GC invocations=23 (full 0):
 garbage-first heap   total 260096K, used 171566K [0x0000000080000000, 0x0000000100000000)
  region size 1024K, 3 young (3072K), 3 survivors (3072K)
 Metaspace       used 85396K, capacity 87734K, committed 87772K, reserved 1126400K
  class space    used 11008K, capacity 11918K, committed 11936K, reserved 1048576K
}
Event: 19.121 GC heap before
{Heap before GC invocations=24 (full 0):
 garbage-first heap   total 260096K, used 215598K [0x0000000080000000, 0x0000000100000000)
  region size 1024K, 46 young (47104K), 3 survivors (3072K)
 Metaspace       used 87811K, capacity 90239K, committed 90460K, reserved 1128448K
  class space    used 11381K, capacity 12308K, committed 12320K, reserved 1048576K
}
Event: 19.127 GC heap after
{Heap after GC invocations=25 (full 0):
 garbage-first heap   total 260096K, used 173352K [0x0000000080000000, 0x0000000100000000)
  region size 1024K, 4 young (4096K), 4 survivors (4096K)
 Metaspace       used 87811K, capacity 90239K, committed 90460K, reserved 1128448K
  class space    used 11381K, capacity 12308K, committed 12320K, reserved 1048576K
}
Event: 19.866 GC heap before
{Heap before GC invocations=25 (full 0):
 garbage-first heap   total 260096K, used 217384K [0x0000000080000000, 0x0000000100000000)
  region size 1024K, 47 young (48128K), 4 survivors (4096K)
 Metaspace       used 90808K, capacity 93287K, committed 93532K, reserved 1130496K
  class space    used 11802K, capacity 12778K, committed 12832K, reserved 1048576K
}
Event: 19.875 GC heap after
{Heap after GC invocations=26 (full 0):
 garbage-first heap   total 260096K, used 176237K [0x0000000080000000, 0x0000000100000000)
  region size 1024K, 5 young (5120K), 5 survivors (5120K)
 Metaspace       used 90808K, capacity 93287K, committed 93532K, reserved 1130496K
  class space    used 11802K, capacity 12778K, committed 12832K, reserved 1048576K
}
Event: 20.549 GC heap before
{Heap before GC invocations=27 (full 0):
 garbage-first heap   total 260096K, used 219245K [0x0000000080000000, 0x0000000100000000)
  region size 1024K, 47 young (48128K), 5 survivors (5120K)
 Metaspace       used 93473K, capacity 96103K, committed 96220K, reserved 1132544K
  class space    used 12149K, capacity 13132K, committed 13216K, reserved 1048576K
}
Event: 20.558 GC heap after
{Heap after GC invocations=28 (full 0):
 garbage-first heap   total 260096K, used 179704K [0x0000000080000000, 0x0000000100000000)
  region size 1024K, 6 young (6144K), 6 survivors (6144K)
 Metaspace       used 93473K, capacity 96103K, committed 96220K, reserved 1132544K
  class space    used 12149K, capacity 13132K, committed 13216K, reserved 1048576K
}
Event: 20.682 GC heap before
{Heap before GC invocations=28 (full 0):
 garbage-first heap   total 260096K, used 204280K [0x0000000080000000, 0x0000000100000000)
  region size 1024K, 31 young (31744K), 6 survivors (6144K)
 Metaspace       used 94440K, capacity 97063K, committed 97372K, reserved 1134592K
  class space    used 12251K, capacity 13260K, committed 13344K, reserved 1048576K
}
Event: 20.691 GC heap after
{Heap after GC invocations=29 (full 0):
 garbage-first heap   total 260096K, used 181000K [0x0000000080000000, 0x0000000100000000)
  region size 1024K, 2 young (2048K), 2 survivors (2048K)
 Metaspace       used 94440K, capacity 97063K, committed 97372K, reserved 1134592K
  class space    used 12251K, capacity 13260K, committed 13344K, reserved 1048576K
}

Deoptimization events (20 events):
Event: 20.486 Thread 0x000002149a1e9800 Uncommon trap: trap_request=0xffffff4d fr.pc=0x000002148b944a28 relative=0x0000000000000068
Event: 20.486 Thread 0x000002149a1e9800 Uncommon trap: reason=unstable_if action=reinterpret pc=0x000002148b944a28 method=org.objectweb.asm.AnnotationWriter.computeAnnotationsSize(Lorg/objectweb/asm/AnnotationWriter;Lorg/objectweb/asm/AnnotationWriter;Lorg/objectweb/asm/AnnotationWriter;Lorg/ob
Event: 20.486 Thread 0x000002149a1e9800 DEOPT PACKING pc=0x000002148b944a28 sp=0x0000006ceaaf9cb0
Event: 20.486 Thread 0x000002149a1e9800 DEOPT UNPACKING pc=0x0000021483a9a1af sp=0x0000006ceaaf9c38 mode 2
Event: 20.486 Thread 0x000002149a1e9800 Uncommon trap: trap_request=0xffffff4d fr.pc=0x000002148b98f2e0 relative=0x00000000000000a0
Event: 20.486 Thread 0x000002149a1e9800 Uncommon trap: reason=unstable_if action=reinterpret pc=0x000002148b98f2e0 method=org.objectweb.asm.AnnotationWriter.putAnnotations(Lorg/objectweb/asm/SymbolTable;Lorg/objectweb/asm/AnnotationWriter;Lorg/objectweb/asm/AnnotationWriter;Lorg/objectweb/asm/A
Event: 20.486 Thread 0x000002149a1e9800 DEOPT PACKING pc=0x000002148b98f2e0 sp=0x0000006ceaaf9c90
Event: 20.486 Thread 0x000002149a1e9800 DEOPT UNPACKING pc=0x0000021483a9a1af sp=0x0000006ceaaf9c20 mode 2
Event: 20.511 Thread 0x000002149a1e9800 Uncommon trap: trap_request=0xffffffde fr.pc=0x000002148ba50d8c relative=0x000000000000048c
Event: 20.511 Thread 0x000002149a1e9800 Uncommon trap: reason=class_check action=maybe_recompile pc=0x000002148ba50d8c method=java.util.regex.Matcher.search(I)Z @ 121 c2
Event: 20.511 Thread 0x000002149a1e9800 DEOPT PACKING pc=0x000002148ba50d8c sp=0x0000006ceaafaff0
Event: 20.511 Thread 0x000002149a1e9800 DEOPT UNPACKING pc=0x0000021483a9a1af sp=0x0000006ceaafafb0 mode 2
Event: 20.512 Thread 0x000002149a1e9800 Uncommon trap: trap_request=0xffffffde fr.pc=0x000002148ba50d8c relative=0x000000000000048c
Event: 20.512 Thread 0x000002149a1e9800 Uncommon trap: reason=class_check action=maybe_recompile pc=0x000002148ba50d8c method=java.util.regex.Matcher.search(I)Z @ 121 c2
Event: 20.512 Thread 0x000002149a1e9800 DEOPT PACKING pc=0x000002148ba50d8c sp=0x0000006ceaafb280
Event: 20.512 Thread 0x000002149a1e9800 DEOPT UNPACKING pc=0x0000021483a9a1af sp=0x0000006ceaafb240 mode 2
Event: 20.513 Thread 0x000002149a1e9800 Uncommon trap: trap_request=0xffffffde fr.pc=0x000002148ba50d8c relative=0x000000000000048c
Event: 20.513 Thread 0x000002149a1e9800 Uncommon trap: reason=class_check action=maybe_recompile pc=0x000002148ba50d8c method=java.util.regex.Matcher.search(I)Z @ 121 c2
Event: 20.513 Thread 0x000002149a1e9800 DEOPT PACKING pc=0x000002148ba50d8c sp=0x0000006ceaafafe0
Event: 20.513 Thread 0x000002149a1e9800 DEOPT UNPACKING pc=0x0000021483a9a1af sp=0x0000006ceaafafa0 mode 2

Classes redefined (0 events):
No events

Internal exceptions (20 events):
Event: 20.353 Thread 0x000002149a1e9800 Exception <a 'java/lang/ClassNotFoundException'{0x000000008e5f60d0}: org/gradle/api/internal/tasks/DefaultTaskContainer_DecoratedBeanInfo> (0x000000008e5f60d0) thrown at [src/hotspot/share/classfile/systemDictionary.cpp, line 230]
Event: 20.353 Thread 0x000002149a1e9800 Exception <a 'java/lang/ClassNotFoundException'{0x000000008e40d2d8}: org/gradle/api/internal/tasks/DefaultTaskContainerBeanInfo> (0x000000008e40d2d8) thrown at [src/hotspot/share/classfile/systemDictionary.cpp, line 230]
Event: 20.354 Thread 0x000002149a1e9800 Exception <a 'java/lang/ClassNotFoundException'{0x000000008e424b60}: org/gradle/api/internal/tasks/DefaultTaskCollectionBeanInfo> (0x000000008e424b60) thrown at [src/hotspot/share/classfile/systemDictionary.cpp, line 230]
Event: 20.354 Thread 0x000002149a1e9800 Exception <a 'java/lang/ClassNotFoundException'{0x000000008e43c6e0}: org/gradle/api/internal/tasks/DefaultTaskCollectionCustomizer> (0x000000008e43c6e0) thrown at [src/hotspot/share/classfile/systemDictionary.cpp, line 230]
Event: 20.356 Thread 0x000002149a1e9800 Exception <a 'java/lang/ClassNotFoundException'{0x000000008e47c8c0}: org/gradle/api/internal/tasks/DefaultTaskContainerCustomizer> (0x000000008e47c8c0) thrown at [src/hotspot/share/classfile/systemDictionary.cpp, line 230]
Event: 20.358 Thread 0x000002149a1e9800 Exception <a 'java/lang/ClassNotFoundException'{0x000000008e4de328}: org/gradle/api/internal/tasks/DefaultTaskContainer_DecoratedCustomizer> (0x000000008e4de328) thrown at [src/hotspot/share/classfile/systemDictionary.cpp, line 230]
Event: 20.365 Thread 0x000002149a1e9800 Exception <a 'java/lang/ClassNotFoundException'{0x000000008e25b4c0}: java/util/ArrayListBeanInfo> (0x000000008e25b4c0) thrown at [src/hotspot/share/classfile/systemDictionary.cpp, line 230]
Event: 20.365 Thread 0x000002149a1e9800 Exception <a 'java/lang/ClassNotFoundException'{0x000000008e264900}: java/util/AbstractListBeanInfo> (0x000000008e264900) thrown at [src/hotspot/share/classfile/systemDictionary.cpp, line 230]
Event: 20.366 Thread 0x000002149a1e9800 Exception <a 'java/lang/ClassNotFoundException'{0x000000008e26dd50}: java/util/AbstractListCustomizer> (0x000000008e26dd50) thrown at [src/hotspot/share/classfile/systemDictionary.cpp, line 230]
Event: 20.366 Thread 0x000002149a1e9800 Exception <a 'java/lang/ClassNotFoundException'{0x000000008e281e18}: java/util/ArrayListCustomizer> (0x000000008e281e18) thrown at [src/hotspot/share/classfile/systemDictionary.cpp, line 230]
Event: 20.371 Thread 0x000002149a1e9800 Exception <a 'java/lang/ClassNotFoundException'{0x000000008e11a990}: java/util/CollectionBeanInfo> (0x000000008e11a990) thrown at [src/hotspot/share/classfile/systemDictionary.cpp, line 230]
Event: 20.371 Thread 0x000002149a1e9800 Exception <a 'java/lang/ClassNotFoundException'{0x000000008e123da0}: java/util/CollectionCustomizer> (0x000000008e123da0) thrown at [src/hotspot/share/classfile/systemDictionary.cpp, line 230]
Event: 20.379 Thread 0x000002149a1e9800 Exception <a 'java/lang/ClassNotFoundException'{0x000000008e1a81c8}: org/gradle/api/tasks/SourceSetBeanInfo> (0x000000008e1a81c8) thrown at [src/hotspot/share/classfile/systemDictionary.cpp, line 230]
Event: 20.380 Thread 0x000002149a1e9800 Exception <a 'java/lang/ClassNotFoundException'{0x000000008e1c4a98}: org/gradle/api/tasks/SourceSetCustomizer> (0x000000008e1c4a98) thrown at [src/hotspot/share/classfile/systemDictionary.cpp, line 230]
Event: 20.382 Thread 0x000002149a1e9800 Exception <a 'java/lang/ClassNotFoundException'{0x000000008e03f510}: java/util/LinkedHashMapBeanInfo> (0x000000008e03f510) thrown at [src/hotspot/share/classfile/systemDictionary.cpp, line 230]
Event: 20.382 Thread 0x000002149a1e9800 Exception <a 'java/lang/ClassNotFoundException'{0x000000008e048010}: java/util/HashMapBeanInfo> (0x000000008e048010) thrown at [src/hotspot/share/classfile/systemDictionary.cpp, line 230]
Event: 20.382 Thread 0x000002149a1e9800 Exception <a 'java/lang/ClassNotFoundException'{0x000000008e0518f8}: java/util/AbstractMapBeanInfo> (0x000000008e0518f8) thrown at [src/hotspot/share/classfile/systemDictionary.cpp, line 230]
Event: 20.383 Thread 0x000002149a1e9800 Exception <a 'java/lang/ClassNotFoundException'{0x000000008e05ad48}: java/util/AbstractMapCustomizer> (0x000000008e05ad48) thrown at [src/hotspot/share/classfile/systemDictionary.cpp, line 230]
Event: 20.383 Thread 0x000002149a1e9800 Exception <a 'java/lang/ClassNotFoundException'{0x000000008e06dcd8}: java/util/HashMapCustomizer> (0x000000008e06dcd8) thrown at [src/hotspot/share/classfile/systemDictionary.cpp, line 230]
Event: 20.384 Thread 0x000002149a1e9800 Exception <a 'java/lang/ClassNotFoundException'{0x000000008e08efd0}: java/util/LinkedHashMapCustomizer> (0x000000008e08efd0) thrown at [src/hotspot/share/classfile/systemDictionary.cpp, line 230]

Events (20 events):
Event: 20.812 loading class com/google/common/collect/RegularImmutableAsList
Event: 20.812 loading class com/google/common/collect/RegularImmutableAsList done
Event: 20.813 loading class com/google/common/collect/ImmutableAsList
Event: 20.813 loading class com/google/common/collect/ImmutableAsList done
Event: 20.814 loading class com/google/common/collect/RegularImmutableList
Event: 20.814 loading class com/google/common/collect/RegularImmutableList done
Event: 20.815 loading class com/google/common/collect/ImmutableList$SubList
Event: 20.815 loading class com/google/common/collect/ImmutableList$SubList done
Event: 20.815 loading class com/google/common/collect/UnmodifiableIterator
Event: 20.815 loading class com/google/common/collect/UnmodifiableIterator done
Event: 20.816 loading class org/jetbrains/plugins/gradle/tooling/serialization/internal/IdeaProjectSerializationService$2
Event: 20.816 loading class org/jetbrains/plugins/gradle/tooling/serialization/internal/IdeaProjectSerializationService$2 done
Event: 20.816 loading class com/google/common/collect/UnmodifiableListIterator
Event: 20.816 loading class com/google/common/collect/UnmodifiableListIterator done
Event: 20.817 loading class com/google/common/collect/SingletonImmutableList
Event: 20.817 loading class com/google/common/collect/SingletonImmutableList done
Event: 20.817 loading class com/google/common/collect/ImmutableList$ReverseImmutableList
Event: 20.817 loading class com/google/common/collect/ImmutableList$ReverseImmutableList done
Event: 20.818 loading class com/google/common/collect/ImmutableList$1
Event: 20.818 loading class com/google/common/collect/ImmutableList$1 done


Dynamic libraries:
0x00007ff6bb460000 - 0x00007ff6bb46a000 	C:\Program Files\Android\Android Studio\jbr\bin\java.exe
0x00007ffcce170000 - 0x00007ffcce368000 	C:\Windows\SYSTEM32\ntdll.dll
0x00007ffccc690000 - 0x00007ffccc74f000 	C:\Windows\System32\KERNEL32.DLL
0x00007ffccbc60000 - 0x00007ffccbf32000 	C:\Windows\System32\KERNELBASE.dll
0x00007ffccba50000 - 0x00007ffccbb50000 	C:\Windows\System32\ucrtbase.dll
0x00007ffcbf370000 - 0x00007ffcbf387000 	C:\Program Files\Android\Android Studio\jbr\bin\jli.dll
0x00007ffcaf450000 - 0x00007ffcaf46b000 	C:\Program Files\Android\Android Studio\jbr\bin\VCRUNTIME140.dll
0x00007ffccc260000 - 0x00007ffccc401000 	C:\Windows\System32\USER32.dll
0x00007ffccc180000 - 0x00007ffccc1a2000 	C:\Windows\System32\win32u.dll
0x00007ffcaf730000 - 0x00007ffcaf9ca000 	C:\Windows\WinSxS\amd64_microsoft.windows.common-controls_6595b64144ccf1df_6.0.19041.1110_none_60b5254171f9507e\COMCTL32.dll
0x00007ffcccde0000 - 0x00007ffccce0b000 	C:\Windows\System32\GDI32.dll
0x00007ffccdc60000 - 0x00007ffccdcfe000 	C:\Windows\System32\msvcrt.dll
0x00007ffccbb50000 - 0x00007ffccbc5f000 	C:\Windows\System32\gdi32full.dll
0x00007ffccbf40000 - 0x00007ffccbfdd000 	C:\Windows\System32\msvcp_win.dll
0x00007ffccd680000 - 0x00007ffccd6b2000 	C:\Windows\System32\IMM32.DLL
0x00007ffc9f6a0000 - 0x00007ffc9f72d000 	C:\Program Files\Android\Android Studio\jbr\bin\msvcp140.dll
0x00007ffcc8a70000 - 0x00007ffcc8a7c000 	C:\Windows\SYSTEM32\VCRUNTIME140_1.dll
0x00007ffc51170000 - 0x00007ffc51d2c000 	C:\Program Files\Android\Android Studio\jbr\bin\server\jvm.dll
0x00007ffccc1b0000 - 0x00007ffccc25e000 	C:\Windows\System32\ADVAPI32.dll
0x00007ffccc410000 - 0x00007ffccc4ac000 	C:\Windows\System32\sechost.dll
0x00007ffccca60000 - 0x00007ffcccb85000 	C:\Windows\System32\RPCRT4.dll
0x00007ffccc770000 - 0x00007ffccc778000 	C:\Windows\System32\PSAPI.DLL
0x00007ffcb69c0000 - 0x00007ffcb69e7000 	C:\Windows\SYSTEM32\WINMM.dll
0x00007ffcc46e0000 - 0x00007ffcc46ea000 	C:\Windows\SYSTEM32\VERSION.dll
0x00007ffcb4810000 - 0x00007ffcb4819000 	C:\Windows\SYSTEM32\WSOCK32.dll
0x00007ffcce0c0000 - 0x00007ffcce12b000 	C:\Windows\System32\WS2_32.dll
0x00007ffcca0b0000 - 0x00007ffcca0c2000 	C:\Windows\SYSTEM32\kernel.appcore.dll
0x00007ffcc6b30000 - 0x00007ffcc6b40000 	C:\Program Files\Android\Android Studio\jbr\bin\verify.dll
0x00007ffcc9610000 - 0x00007ffcc97f4000 	C:\Windows\SYSTEM32\DBGHELP.DLL
0x00007ffcb3110000 - 0x00007ffcb3145000 	C:\Windows\SYSTEM32\dbgcore.DLL
0x00007ffccb860000 - 0x00007ffccb8e2000 	C:\Windows\System32\bcryptPrimitives.dll
0x00007ffcc5980000 - 0x00007ffcc59a8000 	C:\Program Files\Android\Android Studio\jbr\bin\java.dll
0x00007ffcc6b20000 - 0x00007ffcc6b2a000 	C:\Program Files\Android\Android Studio\jbr\bin\jimage.dll
0x00007ffcc5840000 - 0x00007ffcc5858000 	C:\Program Files\Android\Android Studio\jbr\bin\zip.dll
0x00007ffccce10000 - 0x00007ffccd554000 	C:\Windows\System32\SHELL32.dll
0x00007ffcc9900000 - 0x00007ffcca092000 	C:\Windows\SYSTEM32\windows.storage.dll
0x00007ffccdd60000 - 0x00007ffcce0b5000 	C:\Windows\System32\combase.dll
0x00007ffccb2c0000 - 0x00007ffccb2f0000 	C:\Windows\SYSTEM32\Wldp.dll
0x00007ffccc9b0000 - 0x00007ffccca5d000 	C:\Windows\System32\SHCORE.dll
0x00007ffcccb90000 - 0x00007ffcccbe5000 	C:\Windows\System32\shlwapi.dll
0x00007ffccb7a0000 - 0x00007ffccb7bf000 	C:\Windows\SYSTEM32\profapi.dll
0x00007ffcc5820000 - 0x00007ffcc5839000 	C:\Program Files\Android\Android Studio\jbr\bin\net.dll
0x00007ffcc2340000 - 0x00007ffcc244c000 	C:\Windows\SYSTEM32\WINHTTP.dll
0x00007ffccb020000 - 0x00007ffccb08a000 	C:\Windows\system32\mswsock.dll
0x00007ffcc5800000 - 0x00007ffcc5813000 	C:\Program Files\Android\Android Studio\jbr\bin\nio.dll
0x00007ffcb4300000 - 0x00007ffcb4327000 	C:\Users\Admin\.gradle\native\e1d6ef7f7dcc3fd88c89a11ec53ec762bb8ba0a96d01ffa2cd45eb1d1d8dd5c5\windows-amd64\native-platform.dll
0x00007ffc9d200000 - 0x00007ffc9d344000 	C:\Users\Admin\.gradle\native\0d407fdbe67a94daf76414ababcb853783967236a71b16ec16e742cd7a986fd3\windows-amd64\native-platform-file-events.dll
0x00007ffcc6b10000 - 0x00007ffcc6b1a000 	C:\Program Files\Android\Android Studio\jbr\bin\management.dll
0x00007ffcc57f0000 - 0x00007ffcc57fb000 	C:\Program Files\Android\Android Studio\jbr\bin\management_ext.dll
0x00007ffccb210000 - 0x00007ffccb228000 	C:\Windows\SYSTEM32\CRYPTSP.dll
0x00007ffcca8d0000 - 0x00007ffcca904000 	C:\Windows\system32\rsaenh.dll
0x00007ffccbfe0000 - 0x00007ffccc007000 	C:\Windows\System32\bcrypt.dll
0x00007ffccb720000 - 0x00007ffccb74e000 	C:\Windows\SYSTEM32\USERENV.dll
0x00007ffccb230000 - 0x00007ffccb23c000 	C:\Windows\SYSTEM32\CRYPTBASE.dll
0x00007ffccacc0000 - 0x00007ffccacfb000 	C:\Windows\SYSTEM32\IPHLPAPI.DLL
0x00007ffccc9a0000 - 0x00007ffccc9a8000 	C:\Windows\System32\NSI.dll
0x00007ffcc2ce0000 - 0x00007ffcc2cf7000 	C:\Windows\SYSTEM32\dhcpcsvc6.DLL
0x00007ffcc31c0000 - 0x00007ffcc31dd000 	C:\Windows\SYSTEM32\dhcpcsvc.DLL
0x00007ffccad00000 - 0x00007ffccadca000 	C:\Windows\SYSTEM32\DNSAPI.dll
0x00007ffca5d50000 - 0x00007ffca5d67000 	C:\Windows\system32\napinsp.dll
0x00007ffca5d30000 - 0x00007ffca5d4b000 	C:\Windows\system32\pnrpnsp.dll
0x00007ffcc60e0000 - 0x00007ffcc60f5000 	C:\Windows\system32\wshbth.dll
0x00007ffcc86c0000 - 0x00007ffcc86dd000 	C:\Windows\system32\NLAapi.dll
0x00007ffca5d10000 - 0x00007ffca5d22000 	C:\Windows\System32\winrnr.dll
0x00007ffcc4310000 - 0x00007ffcc431a000 	C:\Windows\System32\rasadhlp.dll
0x00007ffcc1c20000 - 0x00007ffcc1ca0000 	C:\Windows\System32\fwpuclnt.dll

dbghelp: loaded successfully - version: 4.0.5 - missing functions: none
symbol engine: initialized successfully - sym options: 0x614 - pdb path: .;C:\Program Files\Android\Android Studio\jbr\bin;C:\Windows\SYSTEM32;C:\Windows\WinSxS\amd64_microsoft.windows.common-controls_6595b64144ccf1df_6.0.19041.1110_none_60b5254171f9507e;C:\Program Files\Android\Android Studio\jbr\bin\server;C:\Users\Admin\.gradle\native\e1d6ef7f7dcc3fd88c89a11ec53ec762bb8ba0a96d01ffa2cd45eb1d1d8dd5c5\windows-amd64;C:\Users\Admin\.gradle\native\0d407fdbe67a94daf76414ababcb853783967236a71b16ec16e742cd7a986fd3\windows-amd64

VM Arguments:
jvm_args: --add-opens=java.base/java.util=ALL-UNNAMED --add-opens=java.base/java.lang=ALL-UNNAMED --add-opens=java.base/java.lang.invoke=ALL-UNNAMED --add-opens=java.base/java.util=ALL-UNNAMED --add-opens=java.prefs/java.util.prefs=ALL-UNNAMED --add-opens=java.prefs/java.util.prefs=ALL-UNNAMED --add-opens=java.base/java.nio.charset=ALL-UNNAMED --add-opens=java.base/java.net=ALL-UNNAMED --add-opens=java.base/java.util.concurrent.atomic=ALL-UNNAMED -Xmx2048m -Dfile.encoding=UTF-8 -Duser.country=IN -Duser.language=en -Duser.variant 
java_command: org.gradle.launcher.daemon.bootstrap.GradleDaemon 7.5
java_class_path (initial): C:\Users\Admin\.gradle\wrapper\dists\gradle-7.5-bin\f1w0cc9nuo0eivz97x2xlu9sv\gradle-7.5\lib\gradle-launcher-7.5.jar
Launcher Type: SUN_STANDARD

[Global flags]
     intx CICompilerCount                          = 4                                         {product} {ergonomic}
     uint ConcGCThreads                            = 2                                         {product} {ergonomic}
     uint G1ConcRefinementThreads                  = 8                                         {product} {ergonomic}
   size_t G1HeapRegionSize                         = 1048576                                   {product} {ergonomic}
    uintx GCDrainStackTargetSize                   = 64                                        {product} {ergonomic}
   size_t InitialHeapSize                          = 266338304                                 {product} {ergonomic}
   size_t MarkStackSize                            = 4194304                                   {product} {ergonomic}
   size_t MaxHeapSize                              = 2147483648                                {product} {command line}
   size_t MaxNewSize                               = 1287651328                                {product} {ergonomic}
   size_t MinHeapDeltaBytes                        = 1048576                                   {product} {ergonomic}
    uintx NonNMethodCodeHeapSize                   = 5836300                                {pd product} {ergonomic}
    uintx NonProfiledCodeHeapSize                  = 122910970                              {pd product} {ergonomic}
    uintx ProfiledCodeHeapSize                     = 122910970                              {pd product} {ergonomic}
    uintx ReservedCodeCacheSize                    = 251658240                              {pd product} {ergonomic}
     bool SegmentedCodeCache                       = true                                      {product} {ergonomic}
     bool UseCompressedClassPointers               = true                                 {lp64_product} {ergonomic}
     bool UseCompressedOops                        = true                                 {lp64_product} {ergonomic}
     bool UseG1GC                                  = true                                      {product} {ergonomic}
     bool UseLargePagesIndividualAllocation        = false                                  {pd product} {ergonomic}

Logging:
Log output configuration:
 #0: stdout all=warning uptime,level,tags
 #1: stderr all=off uptime,level,tags

Environment Variables:
PATH=C:\Program Files\Java\jdk-19\bin;C:\Program Files\Common Files\Oracle\Java\javapath;C:\flutter\bin;C:\Program Files\Java\jre1.8.0_331\bin;C:\Program Files (x86)\Common Files\Oracle\Java\javapath;C:\Windows\system32;C:\Windows;C:\Windows\System32\Wbem;C:\Windows\System32\WindowsPowerShell\v1.0\;C:\Windows\System32\OpenSSH\;C:\Program Files\Git\cmd;C:\Program Files\nodejs\;C:\ProgramData\chocolatey\bin;C:\Program Files\Java\jdk-19\bin;C:\Program Files\MySQL\MySQL Server 8.0\bin;C:\Program Files\MySQL\MySQL Shell 8.0\bin\;C:\flutter\bin;"C:\Program Files\Java\jre1.8.0_331\bin;";C:\Users\Admin\AppData\Local\Microsoft\WindowsApps;C:\Program Files\JetBrains\IntelliJ IDEA Community Edition 2022.1\bin;;C:\Users\Admin\AppData\Local\Programs\Microsoft VS Code\bin;C:\Users\Admin\AppData\Roaming\npm;
USERNAME=Admin
OS=Windows_NT
PROCESSOR_IDENTIFIER=Intel64 Family 6 Model 142 Stepping 10, GenuineIntel



---------------  S Y S T E M  ---------------

OS: Windows 10 , 64 bit Build 19041 (10.0.19041.2364)
OS uptime: 0 days 10:19 hours

CPU:total 8 (initial active 8) (4 cores per cpu, 2 threads per core) family 6 model 142 stepping 10 microcode 0xea, cmov, cx8, fxsr, mmx, sse, sse2, sse3, ssse3, sse4.1, sse4.2, popcnt, avx, avx2, aes, clmul, erms, 3dnowpref, lzcnt, ht, tsc, tscinvbit, bmi1, bmi2, adx, fma

Memory: 4k page, system-wide physical 16217M (4454M free)
TotalPageFile size 32089M (AvailPageFile size 16138M)
current process WorkingSet (physical memory assigned to process): 507M, peak: 541M
current process commit charge ("private bytes"): 555M, peak: 589M

vm_info: OpenJDK 64-Bit Server VM (11.0.15+0-b2043.56-8887301) for windows-amd64 JRE (11.0.15+0-b2043.56-8887301), built on Jul 29 2022 23:19:47 by "builduser" with unknown MS VC++:1929

END.
